2019-04-09 11:56:02,858 - INFO - load checkpoint from ./work_dirs/m2det512_voc/latest.pth
2019-04-09 11:56:03,629 - INFO - resumed epoch 8, iter 165512
2019-04-09 11:56:03,632 - INFO - Start running, host: ubuntu@ubun, work_dir: /home/ubuntu/suliang_git/simple_ssd_pytorch/work_dirs/m2det512_voc
2019-04-09 11:56:03,632 - INFO - workflow: [('train', 1)], max: 24 epochs
2019-04-09 11:57:06,475 - INFO - Epoch [9][50/10345]	lr: 0.00004, eta: 1 day, 4:52:33, time: 1.257, data_time: 0.041, loss_cls: 2.6689, loss_reg: 1.0659, loss: 3.7348
2019-04-09 11:57:57,120 - INFO - Epoch [9][100/10345]	lr: 0.00004, eta: 1 day, 2:03:32, time: 1.013, data_time: 0.014, loss_cls: 2.7157, loss_reg: 1.0561, loss: 3.7718
2019-04-09 11:58:47,158 - INFO - Epoch [9][150/10345]	lr: 0.00004, eta: 1 day, 1:01:02, time: 1.001, data_time: 0.016, loss_cls: 2.6426, loss_reg: 1.0075, loss: 3.6501
2019-04-09 11:59:37,145 - INFO - Epoch [9][200/10345]	lr: 0.00004, eta: 1 day, 0:29:02, time: 1.000, data_time: 0.016, loss_cls: 2.6518, loss_reg: 1.0716, loss: 3.7234
2019-04-09 12:00:27,137 - INFO - Epoch [9][250/10345]	lr: 0.00004, eta: 1 day, 0:09:32, time: 1.000, data_time: 0.015, loss_cls: 2.6535, loss_reg: 1.0344, loss: 3.6879
2019-04-09 12:01:17,134 - INFO - Epoch [9][300/10345]	lr: 0.00004, eta: 23:56:16, time: 1.000, data_time: 0.016, loss_cls: 2.6552, loss_reg: 1.0175, loss: 3.6728
2019-04-09 12:02:07,129 - INFO - Epoch [9][350/10345]	lr: 0.00004, eta: 23:46:33, time: 1.000, data_time: 0.015, loss_cls: 2.6498, loss_reg: 1.0254, loss: 3.6753
2019-04-09 12:02:57,125 - INFO - Epoch [9][400/10345]	lr: 0.00004, eta: 23:39:03, time: 1.000, data_time: 0.016, loss_cls: 2.6451, loss_reg: 1.0094, loss: 3.6545
2019-04-09 12:03:47,145 - INFO - Epoch [9][450/10345]	lr: 0.00004, eta: 23:33:07, time: 1.000, data_time: 0.015, loss_cls: 2.6208, loss_reg: 0.9856, loss: 3.6063
2019-04-09 12:04:37,145 - INFO - Epoch [9][500/10345]	lr: 0.00004, eta: 23:28:09, time: 1.000, data_time: 0.014, loss_cls: 2.5860, loss_reg: 1.0385, loss: 3.6244
2019-04-09 12:05:27,141 - INFO - Epoch [9][550/10345]	lr: 0.00004, eta: 23:23:55, time: 1.000, data_time: 0.015, loss_cls: 2.5607, loss_reg: 1.0136, loss: 3.5743
2019-04-09 12:06:17,130 - INFO - Epoch [9][600/10345]	lr: 0.00004, eta: 23:20:14, time: 1.000, data_time: 0.015, loss_cls: 2.6071, loss_reg: 1.0489, loss: 3.6560
2019-04-09 12:07:07,139 - INFO - Epoch [9][650/10345]	lr: 0.00004, eta: 23:17:02, time: 1.000, data_time: 0.015, loss_cls: 2.6442, loss_reg: 1.0466, loss: 3.6909
2019-04-09 12:07:57,123 - INFO - Epoch [9][700/10345]	lr: 0.00004, eta: 23:14:07, time: 1.000, data_time: 0.015, loss_cls: 2.6012, loss_reg: 1.0161, loss: 3.6173
2019-04-09 12:08:47,153 - INFO - Epoch [9][750/10345]	lr: 0.00004, eta: 23:11:34, time: 1.001, data_time: 0.015, loss_cls: 2.6242, loss_reg: 1.0277, loss: 3.6519
2019-04-09 12:09:37,129 - INFO - Epoch [9][800/10345]	lr: 0.00004, eta: 23:09:09, time: 1.000, data_time: 0.015, loss_cls: 2.6364, loss_reg: 0.9910, loss: 3.6274
2019-04-09 12:10:27,137 - INFO - Epoch [9][850/10345]	lr: 0.00004, eta: 23:06:57, time: 1.000, data_time: 0.014, loss_cls: 2.5911, loss_reg: 1.0216, loss: 3.6127
2019-04-09 12:11:17,135 - INFO - Epoch [9][900/10345]	lr: 0.00004, eta: 23:04:54, time: 1.000, data_time: 0.015, loss_cls: 2.5861, loss_reg: 0.9962, loss: 3.5824
2019-04-09 12:12:07,131 - INFO - Epoch [9][950/10345]	lr: 0.00004, eta: 23:02:58, time: 1.000, data_time: 0.015, loss_cls: 2.6415, loss_reg: 1.0321, loss: 3.6736
2019-04-09 12:12:57,133 - INFO - Epoch [9][1000/10345]	lr: 0.00004, eta: 23:01:10, time: 1.000, data_time: 0.015, loss_cls: 2.5963, loss_reg: 1.0449, loss: 3.6412
2019-04-09 12:13:47,124 - INFO - Epoch [9][1050/10345]	lr: 0.00004, eta: 22:59:26, time: 1.000, data_time: 0.015, loss_cls: 2.6099, loss_reg: 1.0106, loss: 3.6205
2019-04-09 12:14:37,125 - INFO - Epoch [9][1100/10345]	lr: 0.00004, eta: 22:57:48, time: 1.000, data_time: 0.015, loss_cls: 2.6455, loss_reg: 1.0138, loss: 3.6594
2019-04-09 12:15:27,881 - INFO - Epoch [9][1150/10345]	lr: 0.00004, eta: 22:57:07, time: 1.015, data_time: 0.014, loss_cls: 2.6060, loss_reg: 0.9933, loss: 3.5994
2019-04-09 12:16:18,140 - INFO - Epoch [9][1200/10345]	lr: 0.00004, eta: 22:55:52, time: 1.005, data_time: 0.016, loss_cls: 2.6310, loss_reg: 1.0252, loss: 3.6562
2019-04-09 12:17:08,141 - INFO - Epoch [9][1250/10345]	lr: 0.00004, eta: 22:54:22, time: 1.000, data_time: 0.015, loss_cls: 2.5858, loss_reg: 1.0502, loss: 3.6361
2019-04-09 12:17:58,145 - INFO - Epoch [9][1300/10345]	lr: 0.00004, eta: 22:52:55, time: 1.000, data_time: 0.016, loss_cls: 2.6194, loss_reg: 0.9918, loss: 3.6111
2019-04-09 12:18:48,129 - INFO - Epoch [9][1350/10345]	lr: 0.00004, eta: 22:51:30, time: 1.000, data_time: 0.015, loss_cls: 2.7314, loss_reg: 1.0364, loss: 3.7678
2019-04-09 12:19:38,139 - INFO - Epoch [9][1400/10345]	lr: 0.00004, eta: 22:50:09, time: 1.000, data_time: 0.015, loss_cls: 2.5527, loss_reg: 1.0327, loss: 3.5855
2019-04-09 12:20:28,128 - INFO - Epoch [9][1450/10345]	lr: 0.00004, eta: 22:48:49, time: 1.000, data_time: 0.015, loss_cls: 2.6040, loss_reg: 1.0128, loss: 3.6168
2019-04-09 12:21:18,198 - INFO - Epoch [9][1500/10345]	lr: 0.00004, eta: 22:47:35, time: 1.001, data_time: 0.015, loss_cls: 2.6266, loss_reg: 1.0320, loss: 3.6586
2019-04-09 12:22:08,138 - INFO - Epoch [9][1550/10345]	lr: 0.00004, eta: 22:46:16, time: 0.999, data_time: 0.015, loss_cls: 2.6318, loss_reg: 1.0564, loss: 3.6882
2019-04-09 12:22:58,139 - INFO - Epoch [9][1600/10345]	lr: 0.00004, eta: 22:45:02, time: 1.000, data_time: 0.015, loss_cls: 2.6073, loss_reg: 1.0532, loss: 3.6605
2019-04-09 12:23:48,166 - INFO - Epoch [9][1650/10345]	lr: 0.00004, eta: 22:43:51, time: 1.001, data_time: 0.015, loss_cls: 2.6528, loss_reg: 1.0544, loss: 3.7072
2019-04-09 12:24:38,146 - INFO - Epoch [9][1700/10345]	lr: 0.00004, eta: 22:42:38, time: 1.000, data_time: 0.015, loss_cls: 2.6492, loss_reg: 1.0082, loss: 3.6574
2019-04-09 12:25:28,128 - INFO - Epoch [9][1750/10345]	lr: 0.00004, eta: 22:41:27, time: 1.000, data_time: 0.015, loss_cls: 2.5856, loss_reg: 1.0197, loss: 3.6053
2019-04-09 12:26:18,140 - INFO - Epoch [9][1800/10345]	lr: 0.00004, eta: 22:40:19, time: 1.000, data_time: 0.016, loss_cls: 2.6216, loss_reg: 1.0356, loss: 3.6572
2019-04-09 12:27:08,139 - INFO - Epoch [9][1850/10345]	lr: 0.00004, eta: 22:39:11, time: 1.000, data_time: 0.015, loss_cls: 2.6340, loss_reg: 1.0150, loss: 3.6489
2019-04-09 12:27:58,138 - INFO - Epoch [9][1900/10345]	lr: 0.00004, eta: 22:38:04, time: 1.000, data_time: 0.015, loss_cls: 2.5934, loss_reg: 1.0191, loss: 3.6125
2019-04-09 12:28:48,163 - INFO - Epoch [9][1950/10345]	lr: 0.00004, eta: 22:36:58, time: 1.000, data_time: 0.015, loss_cls: 2.6272, loss_reg: 1.0245, loss: 3.6517
2019-04-09 12:29:38,132 - INFO - Epoch [9][2000/10345]	lr: 0.00004, eta: 22:35:52, time: 0.999, data_time: 0.015, loss_cls: 2.5739, loss_reg: 0.9983, loss: 3.5721
2019-04-09 12:30:28,136 - INFO - Epoch [9][2050/10345]	lr: 0.00004, eta: 22:34:47, time: 1.000, data_time: 0.015, loss_cls: 2.6176, loss_reg: 1.0120, loss: 3.6296
2019-04-09 12:31:18,126 - INFO - Epoch [9][2100/10345]	lr: 0.00004, eta: 22:33:43, time: 1.000, data_time: 0.015, loss_cls: 2.6263, loss_reg: 1.0443, loss: 3.6706
2019-04-09 12:32:08,135 - INFO - Epoch [9][2150/10345]	lr: 0.00004, eta: 22:32:40, time: 1.000, data_time: 0.015, loss_cls: 2.6403, loss_reg: 1.0317, loss: 3.6721
2019-04-09 12:32:58,122 - INFO - Epoch [9][2200/10345]	lr: 0.00004, eta: 22:31:37, time: 1.000, data_time: 0.015, loss_cls: 2.6508, loss_reg: 1.0224, loss: 3.6732
2019-04-09 12:33:48,136 - INFO - Epoch [9][2250/10345]	lr: 0.00004, eta: 22:30:35, time: 1.000, data_time: 0.016, loss_cls: 2.5838, loss_reg: 0.9945, loss: 3.5783
2019-04-09 12:34:38,131 - INFO - Epoch [9][2300/10345]	lr: 0.00004, eta: 22:29:34, time: 1.000, data_time: 0.015, loss_cls: 2.5528, loss_reg: 0.9999, loss: 3.5527
2019-04-09 12:35:28,132 - INFO - Epoch [9][2350/10345]	lr: 0.00004, eta: 22:28:32, time: 1.000, data_time: 0.016, loss_cls: 2.6028, loss_reg: 1.0165, loss: 3.6193
2019-04-09 12:36:18,144 - INFO - Epoch [9][2400/10345]	lr: 0.00004, eta: 22:27:32, time: 1.000, data_time: 0.015, loss_cls: 2.5719, loss_reg: 1.0299, loss: 3.6018
2019-04-09 12:37:08,140 - INFO - Epoch [9][2450/10345]	lr: 0.00004, eta: 22:26:32, time: 1.000, data_time: 0.015, loss_cls: 2.5960, loss_reg: 1.0507, loss: 3.6467
2019-04-09 12:37:58,146 - INFO - Epoch [9][2500/10345]	lr: 0.00004, eta: 22:25:32, time: 1.000, data_time: 0.015, loss_cls: 2.5839, loss_reg: 0.9922, loss: 3.5761
2019-04-09 12:38:48,147 - INFO - Epoch [9][2550/10345]	lr: 0.00004, eta: 22:24:33, time: 1.000, data_time: 0.016, loss_cls: 2.6049, loss_reg: 1.0300, loss: 3.6349
2019-04-09 12:39:38,140 - INFO - Epoch [9][2600/10345]	lr: 0.00004, eta: 22:23:34, time: 1.000, data_time: 0.015, loss_cls: 2.6175, loss_reg: 1.0171, loss: 3.6346
2019-04-09 12:40:28,135 - INFO - Epoch [9][2650/10345]	lr: 0.00004, eta: 22:22:35, time: 1.000, data_time: 0.015, loss_cls: 2.6100, loss_reg: 1.0126, loss: 3.6226
2019-04-09 12:41:18,144 - INFO - Epoch [9][2700/10345]	lr: 0.00004, eta: 22:21:37, time: 1.000, data_time: 0.015, loss_cls: 2.5762, loss_reg: 1.0013, loss: 3.5775
2019-04-09 12:42:08,153 - INFO - Epoch [9][2750/10345]	lr: 0.00004, eta: 22:20:39, time: 1.000, data_time: 0.015, loss_cls: 2.6212, loss_reg: 1.0586, loss: 3.6799
2019-04-09 12:42:58,142 - INFO - Epoch [9][2800/10345]	lr: 0.00004, eta: 22:19:41, time: 1.000, data_time: 0.015, loss_cls: 2.5834, loss_reg: 0.9867, loss: 3.5701
2019-04-09 12:43:48,136 - INFO - Epoch [9][2850/10345]	lr: 0.00004, eta: 22:18:43, time: 1.000, data_time: 0.015, loss_cls: 2.5771, loss_reg: 1.0080, loss: 3.5851
2019-04-09 12:44:38,133 - INFO - Epoch [9][2900/10345]	lr: 0.00004, eta: 22:17:46, time: 1.000, data_time: 0.015, loss_cls: 2.6903, loss_reg: 1.0395, loss: 3.7297
2019-04-09 12:45:28,135 - INFO - Epoch [9][2950/10345]	lr: 0.00004, eta: 22:16:49, time: 1.000, data_time: 0.016, loss_cls: 2.6216, loss_reg: 1.0147, loss: 3.6363
2019-04-09 12:46:18,130 - INFO - Epoch [9][3000/10345]	lr: 0.00004, eta: 22:15:52, time: 1.000, data_time: 0.015, loss_cls: 2.5591, loss_reg: 0.9735, loss: 3.5326
2019-04-09 12:47:08,136 - INFO - Epoch [9][3050/10345]	lr: 0.00004, eta: 22:14:55, time: 1.000, data_time: 0.016, loss_cls: 2.6144, loss_reg: 1.0381, loss: 3.6524
2019-04-09 12:47:58,128 - INFO - Epoch [9][3100/10345]	lr: 0.00004, eta: 22:13:59, time: 1.000, data_time: 0.016, loss_cls: 2.5769, loss_reg: 1.0330, loss: 3.6099
2019-04-09 12:48:48,129 - INFO - Epoch [9][3150/10345]	lr: 0.00004, eta: 22:13:03, time: 1.000, data_time: 0.016, loss_cls: 2.6453, loss_reg: 1.0029, loss: 3.6481
2019-04-09 12:49:38,119 - INFO - Epoch [9][3200/10345]	lr: 0.00004, eta: 22:12:07, time: 1.000, data_time: 0.016, loss_cls: 2.5791, loss_reg: 1.0553, loss: 3.6344
2019-04-09 12:50:28,133 - INFO - Epoch [9][3250/10345]	lr: 0.00004, eta: 22:11:11, time: 1.000, data_time: 0.015, loss_cls: 2.5311, loss_reg: 0.9977, loss: 3.5288
2019-04-09 12:51:18,122 - INFO - Epoch [9][3300/10345]	lr: 0.00004, eta: 22:10:15, time: 1.000, data_time: 0.015, loss_cls: 2.5537, loss_reg: 0.9687, loss: 3.5224
2019-04-09 12:52:08,141 - INFO - Epoch [9][3350/10345]	lr: 0.00004, eta: 22:09:20, time: 1.000, data_time: 0.015, loss_cls: 2.5468, loss_reg: 1.0464, loss: 3.5932
2019-04-09 12:52:58,168 - INFO - Epoch [9][3400/10345]	lr: 0.00004, eta: 22:08:26, time: 1.001, data_time: 0.016, loss_cls: 2.6506, loss_reg: 1.0396, loss: 3.6901
2019-04-09 12:53:48,128 - INFO - Epoch [9][3450/10345]	lr: 0.00004, eta: 22:07:30, time: 0.999, data_time: 0.015, loss_cls: 2.5984, loss_reg: 1.0087, loss: 3.6071
2019-04-09 12:54:38,130 - INFO - Epoch [9][3500/10345]	lr: 0.00004, eta: 22:06:35, time: 1.000, data_time: 0.016, loss_cls: 2.5342, loss_reg: 0.9611, loss: 3.4953
2019-04-09 12:55:28,130 - INFO - Epoch [9][3550/10345]	lr: 0.00004, eta: 22:05:40, time: 1.000, data_time: 0.016, loss_cls: 2.5442, loss_reg: 0.9873, loss: 3.5314
2019-04-09 12:56:18,148 - INFO - Epoch [9][3600/10345]	lr: 0.00004, eta: 22:04:46, time: 1.000, data_time: 0.015, loss_cls: 2.5729, loss_reg: 1.0340, loss: 3.6070
2019-04-09 12:57:08,118 - INFO - Epoch [9][3650/10345]	lr: 0.00004, eta: 22:03:50, time: 0.999, data_time: 0.015, loss_cls: 2.5889, loss_reg: 1.0406, loss: 3.6294
2019-04-09 12:57:58,140 - INFO - Epoch [9][3700/10345]	lr: 0.00004, eta: 22:02:57, time: 1.000, data_time: 0.016, loss_cls: 2.6315, loss_reg: 1.0066, loss: 3.6380
2019-04-09 12:58:48,127 - INFO - Epoch [9][3750/10345]	lr: 0.00004, eta: 22:02:02, time: 1.000, data_time: 0.015, loss_cls: 2.6404, loss_reg: 1.0053, loss: 3.6457
2019-04-09 12:59:38,145 - INFO - Epoch [9][3800/10345]	lr: 0.00004, eta: 22:01:08, time: 1.000, data_time: 0.015, loss_cls: 2.6005, loss_reg: 1.0346, loss: 3.6351
2019-04-09 13:00:28,146 - INFO - Epoch [9][3850/10345]	lr: 0.00004, eta: 22:00:14, time: 1.000, data_time: 0.015, loss_cls: 2.6008, loss_reg: 1.0275, loss: 3.6283
2019-04-09 13:01:18,135 - INFO - Epoch [9][3900/10345]	lr: 0.00004, eta: 21:59:20, time: 1.000, data_time: 0.016, loss_cls: 2.6011, loss_reg: 1.0040, loss: 3.6051
2019-04-09 13:02:08,134 - INFO - Epoch [9][3950/10345]	lr: 0.00004, eta: 21:58:26, time: 1.000, data_time: 0.015, loss_cls: 2.5370, loss_reg: 0.9960, loss: 3.5330
2019-04-09 13:02:58,131 - INFO - Epoch [9][4000/10345]	lr: 0.00004, eta: 21:57:32, time: 1.000, data_time: 0.015, loss_cls: 2.5751, loss_reg: 0.9750, loss: 3.5500
2019-04-09 13:03:48,134 - INFO - Epoch [9][4050/10345]	lr: 0.00004, eta: 21:56:38, time: 1.000, data_time: 0.017, loss_cls: 2.6055, loss_reg: 1.0271, loss: 3.6326
2019-04-09 13:04:38,136 - INFO - Epoch [9][4100/10345]	lr: 0.00004, eta: 21:55:45, time: 1.000, data_time: 0.016, loss_cls: 2.5988, loss_reg: 1.0367, loss: 3.6355
2019-04-09 13:05:28,138 - INFO - Epoch [9][4150/10345]	lr: 0.00004, eta: 21:54:51, time: 1.000, data_time: 0.015, loss_cls: 2.5944, loss_reg: 1.0100, loss: 3.6043
2019-04-09 13:06:18,131 - INFO - Epoch [9][4200/10345]	lr: 0.00004, eta: 21:53:58, time: 1.000, data_time: 0.016, loss_cls: 2.6262, loss_reg: 1.0126, loss: 3.6388
2019-04-09 13:07:08,135 - INFO - Epoch [9][4250/10345]	lr: 0.00004, eta: 21:53:04, time: 1.000, data_time: 0.016, loss_cls: 2.5968, loss_reg: 1.0223, loss: 3.6191
2019-04-09 13:07:58,133 - INFO - Epoch [9][4300/10345]	lr: 0.00004, eta: 21:52:11, time: 1.000, data_time: 0.016, loss_cls: 2.6106, loss_reg: 0.9856, loss: 3.5961
2019-04-09 13:08:48,137 - INFO - Epoch [9][4350/10345]	lr: 0.00004, eta: 21:51:18, time: 1.000, data_time: 0.016, loss_cls: 2.6206, loss_reg: 0.9823, loss: 3.6029
2019-04-09 13:09:38,124 - INFO - Epoch [9][4400/10345]	lr: 0.00004, eta: 21:50:25, time: 1.000, data_time: 0.016, loss_cls: 2.5941, loss_reg: 1.0199, loss: 3.6140
2019-04-09 13:10:28,138 - INFO - Epoch [9][4450/10345]	lr: 0.00004, eta: 21:49:32, time: 1.000, data_time: 0.016, loss_cls: 2.6219, loss_reg: 1.0253, loss: 3.6473
2019-04-09 13:11:18,136 - INFO - Epoch [9][4500/10345]	lr: 0.00004, eta: 21:48:39, time: 1.000, data_time: 0.015, loss_cls: 2.6144, loss_reg: 0.9918, loss: 3.6062
2019-04-09 13:12:08,153 - INFO - Epoch [9][4550/10345]	lr: 0.00004, eta: 21:47:46, time: 1.000, data_time: 0.015, loss_cls: 2.5547, loss_reg: 1.0009, loss: 3.5556
2019-04-09 13:12:58,139 - INFO - Epoch [9][4600/10345]	lr: 0.00004, eta: 21:46:53, time: 1.000, data_time: 0.016, loss_cls: 2.6022, loss_reg: 1.0289, loss: 3.6311
2019-04-09 13:13:48,142 - INFO - Epoch [9][4650/10345]	lr: 0.00004, eta: 21:46:00, time: 1.000, data_time: 0.016, loss_cls: 2.5576, loss_reg: 1.0125, loss: 3.5701
2019-04-09 13:14:38,129 - INFO - Epoch [9][4700/10345]	lr: 0.00004, eta: 21:45:07, time: 1.000, data_time: 0.016, loss_cls: 2.5260, loss_reg: 0.9604, loss: 3.4864
2019-04-09 13:15:28,142 - INFO - Epoch [9][4750/10345]	lr: 0.00004, eta: 21:44:15, time: 1.000, data_time: 0.016, loss_cls: 2.6450, loss_reg: 1.0354, loss: 3.6804
2019-04-09 13:16:18,132 - INFO - Epoch [9][4800/10345]	lr: 0.00004, eta: 21:43:22, time: 1.000, data_time: 0.015, loss_cls: 2.5101, loss_reg: 0.9624, loss: 3.4726
2019-04-09 13:17:08,135 - INFO - Epoch [9][4850/10345]	lr: 0.00004, eta: 21:42:30, time: 1.000, data_time: 0.015, loss_cls: 2.5746, loss_reg: 1.0214, loss: 3.5959
2019-04-09 13:17:58,125 - INFO - Epoch [9][4900/10345]	lr: 0.00004, eta: 21:41:37, time: 1.000, data_time: 0.016, loss_cls: 2.5967, loss_reg: 1.0595, loss: 3.6562
2019-04-09 13:18:48,113 - INFO - Epoch [9][4950/10345]	lr: 0.00004, eta: 21:40:44, time: 1.000, data_time: 0.016, loss_cls: 2.5803, loss_reg: 1.0284, loss: 3.6087
2019-04-09 13:19:38,142 - INFO - Epoch [9][5000/10345]	lr: 0.00004, eta: 21:39:52, time: 1.001, data_time: 0.016, loss_cls: 2.5977, loss_reg: 1.0258, loss: 3.6235
2019-04-09 13:20:28,142 - INFO - Epoch [9][5050/10345]	lr: 0.00004, eta: 21:39:00, time: 1.000, data_time: 0.016, loss_cls: 2.6222, loss_reg: 1.0311, loss: 3.6533
2019-04-09 13:21:18,142 - INFO - Epoch [9][5100/10345]	lr: 0.00004, eta: 21:38:08, time: 1.000, data_time: 0.015, loss_cls: 2.6162, loss_reg: 1.0492, loss: 3.6654
2019-04-09 13:22:08,140 - INFO - Epoch [9][5150/10345]	lr: 0.00004, eta: 21:37:15, time: 1.000, data_time: 0.015, loss_cls: 2.5478, loss_reg: 0.9712, loss: 3.5190
2019-04-09 13:22:58,140 - INFO - Epoch [9][5200/10345]	lr: 0.00004, eta: 21:36:23, time: 1.000, data_time: 0.016, loss_cls: 2.5901, loss_reg: 0.9897, loss: 3.5798
2019-04-09 13:23:48,130 - INFO - Epoch [9][5250/10345]	lr: 0.00004, eta: 21:35:31, time: 1.000, data_time: 0.016, loss_cls: 2.5729, loss_reg: 1.0187, loss: 3.5915
2019-04-09 13:24:38,130 - INFO - Epoch [9][5300/10345]	lr: 0.00004, eta: 21:34:39, time: 1.000, data_time: 0.016, loss_cls: 2.5550, loss_reg: 0.9808, loss: 3.5359
2019-04-09 13:25:28,120 - INFO - Epoch [9][5350/10345]	lr: 0.00004, eta: 21:33:46, time: 1.000, data_time: 0.015, loss_cls: 2.5258, loss_reg: 0.9733, loss: 3.4991
2019-04-09 13:26:18,132 - INFO - Epoch [9][5400/10345]	lr: 0.00004, eta: 21:32:54, time: 1.000, data_time: 0.015, loss_cls: 2.5521, loss_reg: 0.9935, loss: 3.5456
2019-04-09 13:27:08,182 - INFO - Epoch [9][5450/10345]	lr: 0.00004, eta: 21:32:03, time: 1.001, data_time: 0.016, loss_cls: 2.6483, loss_reg: 1.0710, loss: 3.7193
2019-04-09 13:27:58,155 - INFO - Epoch [9][5500/10345]	lr: 0.00004, eta: 21:31:11, time: 0.999, data_time: 0.016, loss_cls: 2.5294, loss_reg: 0.9916, loss: 3.5209
2019-04-09 13:28:48,132 - INFO - Epoch [9][5550/10345]	lr: 0.00004, eta: 21:30:18, time: 1.000, data_time: 0.016, loss_cls: 2.6270, loss_reg: 1.0637, loss: 3.6907
2019-04-09 13:29:38,136 - INFO - Epoch [9][5600/10345]	lr: 0.00004, eta: 21:29:26, time: 1.000, data_time: 0.016, loss_cls: 2.6142, loss_reg: 1.0056, loss: 3.6198
2019-04-09 13:30:28,126 - INFO - Epoch [9][5650/10345]	lr: 0.00004, eta: 21:28:34, time: 1.000, data_time: 0.016, loss_cls: 2.5311, loss_reg: 0.9940, loss: 3.5251
2019-04-09 13:31:18,139 - INFO - Epoch [9][5700/10345]	lr: 0.00004, eta: 21:27:43, time: 1.000, data_time: 0.016, loss_cls: 2.6458, loss_reg: 1.0554, loss: 3.7012
2019-04-09 13:32:08,143 - INFO - Epoch [9][5750/10345]	lr: 0.00004, eta: 21:26:51, time: 1.000, data_time: 0.016, loss_cls: 2.5599, loss_reg: 0.9839, loss: 3.5438
2019-04-09 13:32:58,167 - INFO - Epoch [9][5800/10345]	lr: 0.00004, eta: 21:25:59, time: 1.000, data_time: 0.016, loss_cls: 2.5677, loss_reg: 1.0201, loss: 3.5878
2019-04-09 13:33:48,124 - INFO - Epoch [9][5850/10345]	lr: 0.00004, eta: 21:25:07, time: 0.999, data_time: 0.015, loss_cls: 2.5966, loss_reg: 1.0217, loss: 3.6184
2019-04-09 13:34:38,135 - INFO - Epoch [9][5900/10345]	lr: 0.00004, eta: 21:24:16, time: 1.000, data_time: 0.016, loss_cls: 2.6223, loss_reg: 1.0054, loss: 3.6277
2019-04-09 13:35:28,145 - INFO - Epoch [9][5950/10345]	lr: 0.00004, eta: 21:23:24, time: 1.000, data_time: 0.015, loss_cls: 2.5637, loss_reg: 1.0087, loss: 3.5724
2019-04-09 13:36:18,128 - INFO - Epoch [9][6000/10345]	lr: 0.00004, eta: 21:22:32, time: 1.000, data_time: 0.016, loss_cls: 2.5119, loss_reg: 0.9463, loss: 3.4582
2019-04-09 13:37:08,139 - INFO - Epoch [9][6050/10345]	lr: 0.00004, eta: 21:21:41, time: 1.000, data_time: 0.016, loss_cls: 2.6316, loss_reg: 1.0177, loss: 3.6494
2019-04-09 13:37:58,154 - INFO - Epoch [9][6100/10345]	lr: 0.00004, eta: 21:20:49, time: 1.000, data_time: 0.015, loss_cls: 2.5402, loss_reg: 1.0260, loss: 3.5662
2019-04-09 13:38:48,126 - INFO - Epoch [9][6150/10345]	lr: 0.00004, eta: 21:19:57, time: 0.999, data_time: 0.016, loss_cls: 2.6172, loss_reg: 1.0333, loss: 3.6504
2019-04-09 13:39:38,133 - INFO - Epoch [9][6200/10345]	lr: 0.00004, eta: 21:19:06, time: 1.000, data_time: 0.016, loss_cls: 2.6353, loss_reg: 1.0291, loss: 3.6645
2019-04-09 13:40:28,192 - INFO - Epoch [9][6250/10345]	lr: 0.00004, eta: 21:18:15, time: 1.001, data_time: 0.015, loss_cls: 2.6040, loss_reg: 1.0169, loss: 3.6209
2019-04-09 13:41:18,134 - INFO - Epoch [9][6300/10345]	lr: 0.00004, eta: 21:17:23, time: 0.999, data_time: 0.015, loss_cls: 2.5782, loss_reg: 1.0307, loss: 3.6089
2019-04-09 13:42:08,127 - INFO - Epoch [9][6350/10345]	lr: 0.00004, eta: 21:16:31, time: 1.000, data_time: 0.015, loss_cls: 2.5883, loss_reg: 1.0166, loss: 3.6049
2019-04-09 13:42:58,146 - INFO - Epoch [9][6400/10345]	lr: 0.00004, eta: 21:15:40, time: 1.000, data_time: 0.016, loss_cls: 2.6180, loss_reg: 1.0114, loss: 3.6294
2019-04-09 13:43:48,123 - INFO - Epoch [9][6450/10345]	lr: 0.00004, eta: 21:14:48, time: 1.000, data_time: 0.016, loss_cls: 2.5523, loss_reg: 1.0026, loss: 3.5549
2019-04-09 13:44:38,137 - INFO - Epoch [9][6500/10345]	lr: 0.00004, eta: 21:13:57, time: 1.000, data_time: 0.016, loss_cls: 2.5546, loss_reg: 0.9933, loss: 3.5479
2019-04-09 13:45:28,143 - INFO - Epoch [9][6550/10345]	lr: 0.00004, eta: 21:13:05, time: 1.000, data_time: 0.016, loss_cls: 2.5488, loss_reg: 1.0179, loss: 3.5666
2019-04-09 13:46:18,163 - INFO - Epoch [9][6600/10345]	lr: 0.00004, eta: 21:12:14, time: 1.000, data_time: 0.015, loss_cls: 2.5748, loss_reg: 1.0030, loss: 3.5778
2019-04-09 13:47:08,179 - INFO - Epoch [9][6650/10345]	lr: 0.00004, eta: 21:11:23, time: 1.000, data_time: 0.015, loss_cls: 2.5805, loss_reg: 1.0079, loss: 3.5885
2019-04-09 13:47:58,127 - INFO - Epoch [9][6700/10345]	lr: 0.00004, eta: 21:10:31, time: 0.999, data_time: 0.015, loss_cls: 2.5921, loss_reg: 1.0607, loss: 3.6528
2019-04-09 13:48:48,128 - INFO - Epoch [9][6750/10345]	lr: 0.00004, eta: 21:09:40, time: 1.000, data_time: 0.016, loss_cls: 2.6336, loss_reg: 1.0100, loss: 3.6435
2019-04-09 13:49:38,133 - INFO - Epoch [9][6800/10345]	lr: 0.00004, eta: 21:08:49, time: 1.000, data_time: 0.016, loss_cls: 2.6171, loss_reg: 1.0062, loss: 3.6233
2019-04-09 13:50:28,150 - INFO - Epoch [9][6850/10345]	lr: 0.00004, eta: 21:07:58, time: 1.000, data_time: 0.016, loss_cls: 2.5570, loss_reg: 0.9898, loss: 3.5468
2019-04-09 13:51:18,137 - INFO - Epoch [9][6900/10345]	lr: 0.00004, eta: 21:07:06, time: 1.000, data_time: 0.015, loss_cls: 2.6117, loss_reg: 0.9768, loss: 3.5885
2019-04-09 13:52:08,135 - INFO - Epoch [9][6950/10345]	lr: 0.00004, eta: 21:06:15, time: 1.000, data_time: 0.015, loss_cls: 2.5668, loss_reg: 1.0206, loss: 3.5873
2019-04-09 13:52:58,135 - INFO - Epoch [9][7000/10345]	lr: 0.00004, eta: 21:05:24, time: 1.000, data_time: 0.015, loss_cls: 2.5102, loss_reg: 0.9885, loss: 3.4987
2019-04-09 13:53:48,143 - INFO - Epoch [9][7050/10345]	lr: 0.00004, eta: 21:04:32, time: 1.000, data_time: 0.016, loss_cls: 2.5542, loss_reg: 1.0010, loss: 3.5552
2019-04-09 13:54:38,132 - INFO - Epoch [9][7100/10345]	lr: 0.00004, eta: 21:03:41, time: 1.000, data_time: 0.016, loss_cls: 2.5990, loss_reg: 1.0369, loss: 3.6359
2019-04-09 13:55:28,132 - INFO - Epoch [9][7150/10345]	lr: 0.00004, eta: 21:02:50, time: 1.000, data_time: 0.016, loss_cls: 2.5626, loss_reg: 1.0075, loss: 3.5700
2019-04-09 13:56:18,124 - INFO - Epoch [9][7200/10345]	lr: 0.00004, eta: 21:01:59, time: 1.000, data_time: 0.015, loss_cls: 2.5738, loss_reg: 0.9602, loss: 3.5340
2019-04-09 13:57:08,125 - INFO - Epoch [9][7250/10345]	lr: 0.00004, eta: 21:01:08, time: 1.000, data_time: 0.015, loss_cls: 2.5550, loss_reg: 0.9748, loss: 3.5299
2019-04-09 13:57:58,135 - INFO - Epoch [9][7300/10345]	lr: 0.00004, eta: 21:00:17, time: 1.000, data_time: 0.016, loss_cls: 2.5659, loss_reg: 1.0143, loss: 3.5803
2019-04-09 13:58:48,154 - INFO - Epoch [9][7350/10345]	lr: 0.00004, eta: 20:59:26, time: 1.000, data_time: 0.016, loss_cls: 2.5761, loss_reg: 0.9873, loss: 3.5635
2019-04-09 13:59:38,134 - INFO - Epoch [9][7400/10345]	lr: 0.00004, eta: 20:58:34, time: 1.000, data_time: 0.015, loss_cls: 2.4887, loss_reg: 0.9453, loss: 3.4341
2019-04-09 14:00:28,132 - INFO - Epoch [9][7450/10345]	lr: 0.00004, eta: 20:57:43, time: 1.000, data_time: 0.015, loss_cls: 2.6182, loss_reg: 1.0302, loss: 3.6484
2019-04-09 14:01:18,129 - INFO - Epoch [9][7500/10345]	lr: 0.00004, eta: 20:56:52, time: 1.000, data_time: 0.015, loss_cls: 2.5194, loss_reg: 0.9687, loss: 3.4880
2019-04-09 14:02:08,135 - INFO - Epoch [9][7550/10345]	lr: 0.00004, eta: 20:56:01, time: 1.000, data_time: 0.015, loss_cls: 2.4931, loss_reg: 0.9741, loss: 3.4672
2019-04-09 14:02:58,130 - INFO - Epoch [9][7600/10345]	lr: 0.00004, eta: 20:55:10, time: 1.000, data_time: 0.016, loss_cls: 2.6069, loss_reg: 1.0085, loss: 3.6155
2019-04-09 14:03:48,144 - INFO - Epoch [9][7650/10345]	lr: 0.00004, eta: 20:54:19, time: 1.000, data_time: 0.016, loss_cls: 2.5590, loss_reg: 0.9949, loss: 3.5540
2019-04-09 14:04:38,151 - INFO - Epoch [9][7700/10345]	lr: 0.00004, eta: 20:53:28, time: 1.000, data_time: 0.015, loss_cls: 2.6034, loss_reg: 1.0127, loss: 3.6161
2019-04-09 14:05:28,134 - INFO - Epoch [9][7750/10345]	lr: 0.00004, eta: 20:52:37, time: 1.000, data_time: 0.016, loss_cls: 2.5565, loss_reg: 0.9983, loss: 3.5548
2019-04-09 14:06:18,148 - INFO - Epoch [9][7800/10345]	lr: 0.00004, eta: 20:51:46, time: 1.000, data_time: 0.016, loss_cls: 2.5845, loss_reg: 1.0139, loss: 3.5983
2019-04-09 14:07:08,304 - INFO - Epoch [9][7850/10345]	lr: 0.00004, eta: 20:50:57, time: 1.003, data_time: 0.015, loss_cls: 2.5425, loss_reg: 1.0043, loss: 3.5468
