2019-04-09 18:23:41,619 - INFO - load checkpoint from ./work_dirs/m2det512_voc/latest.pth
2019-04-09 18:23:42,298 - INFO - resumed epoch 8, iter 165512
2019-04-09 18:23:42,300 - INFO - Start running, host: ubuntu@ubun, work_dir: /home/ubuntu/suliang_git/simple_ssd_pytorch/work_dirs/m2det512_voc
2019-04-09 18:23:42,301 - INFO - workflow: [('train', 1)], max: 24 epochs
2019-04-09 18:24:46,545 - INFO - Epoch [9][50/10345]	lr: 0.00100, eta: 1 day, 5:31:17, time: 1.285, data_time: 0.034, loss_cls: 2.8993, loss_reg: 1.1570, loss: 4.0563
2019-04-09 18:25:39,079 - INFO - Epoch [9][100/10345]	lr: 0.00100, eta: 1 day, 2:48:55, time: 1.051, data_time: 0.014, loss_cls: 2.8573, loss_reg: 1.1158, loss: 3.9731
2019-04-09 18:26:31,657 - INFO - Epoch [9][150/10345]	lr: 0.00100, eta: 1 day, 1:54:36, time: 1.052, data_time: 0.015, loss_cls: 2.8691, loss_reg: 1.1116, loss: 3.9808
2019-04-09 18:27:24,315 - INFO - Epoch [9][200/10345]	lr: 0.00100, eta: 1 day, 1:27:33, time: 1.053, data_time: 0.014, loss_cls: 2.8428, loss_reg: 1.0466, loss: 3.8893
2019-04-09 18:28:15,129 - INFO - Epoch [9][250/10345]	lr: 0.00100, eta: 1 day, 1:00:50, time: 1.016, data_time: 0.014, loss_cls: 2.8006, loss_reg: 1.0844, loss: 3.8850
2019-04-09 18:29:05,128 - INFO - Epoch [9][300/10345]	lr: 0.00100, eta: 1 day, 0:39:01, time: 1.000, data_time: 0.014, loss_cls: 2.8405, loss_reg: 1.1148, loss: 3.9553
2019-04-09 18:29:55,147 - INFO - Epoch [9][350/10345]	lr: 0.00100, eta: 1 day, 0:23:15, time: 1.000, data_time: 0.015, loss_cls: 2.8146, loss_reg: 1.0823, loss: 3.8969
2019-04-09 18:30:45,140 - INFO - Epoch [9][400/10345]	lr: 0.00100, eta: 1 day, 0:11:09, time: 1.000, data_time: 0.015, loss_cls: 2.9026, loss_reg: 1.0707, loss: 3.9733
2019-04-09 18:31:35,403 - INFO - Epoch [9][450/10345]	lr: 0.00100, eta: 1 day, 0:02:22, time: 1.005, data_time: 0.015, loss_cls: 2.9560, loss_reg: 1.1248, loss: 4.0808
2019-04-09 18:32:25,114 - INFO - Epoch [9][500/10345]	lr: 0.00100, eta: 23:53:39, time: 0.994, data_time: 0.013, loss_cls: 2.8427, loss_reg: 1.1104, loss: 3.9531
2019-04-09 18:33:15,116 - INFO - Epoch [9][550/10345]	lr: 0.00100, eta: 23:47:06, time: 1.000, data_time: 0.013, loss_cls: 2.8827, loss_reg: 1.1203, loss: 4.0030
2019-04-09 18:34:05,083 - INFO - Epoch [9][600/10345]	lr: 0.00100, eta: 23:41:26, time: 0.999, data_time: 0.013, loss_cls: 2.8583, loss_reg: 1.1318, loss: 3.9900
2019-04-09 18:34:55,110 - INFO - Epoch [9][650/10345]	lr: 0.00100, eta: 23:36:37, time: 1.001, data_time: 0.013, loss_cls: 2.8911, loss_reg: 1.1156, loss: 4.0067
2019-04-09 18:35:45,114 - INFO - Epoch [9][700/10345]	lr: 0.00100, eta: 23:32:21, time: 1.000, data_time: 0.013, loss_cls: 2.9267, loss_reg: 1.1350, loss: 4.0618
2019-04-09 18:36:34,982 - INFO - Epoch [9][750/10345]	lr: 0.00100, eta: 23:28:16, time: 0.997, data_time: 0.013, loss_cls: 2.7837, loss_reg: 1.1243, loss: 3.9080
2019-04-09 18:37:24,729 - INFO - Epoch [9][800/10345]	lr: 0.00100, eta: 23:24:24, time: 0.995, data_time: 0.013, loss_cls: 2.8260, loss_reg: 1.1576, loss: 3.9836
2019-04-09 18:38:14,784 - INFO - Epoch [9][850/10345]	lr: 0.00100, eta: 23:21:23, time: 1.001, data_time: 0.013, loss_cls: 2.7873, loss_reg: 1.1176, loss: 3.9049
2019-04-09 18:39:04,743 - INFO - Epoch [9][900/10345]	lr: 0.00100, eta: 23:18:28, time: 0.999, data_time: 0.014, loss_cls: 2.8908, loss_reg: 1.0970, loss: 3.9878
2019-04-09 18:39:54,737 - INFO - Epoch [9][950/10345]	lr: 0.00100, eta: 23:15:48, time: 1.000, data_time: 0.013, loss_cls: 2.8118, loss_reg: 1.1134, loss: 3.9252
2019-04-09 18:40:44,733 - INFO - Epoch [9][1000/10345]	lr: 0.00100, eta: 23:13:20, time: 1.000, data_time: 0.013, loss_cls: 2.9025, loss_reg: 1.1054, loss: 4.0079
2019-04-09 18:41:34,741 - INFO - Epoch [9][1050/10345]	lr: 0.00100, eta: 23:11:03, time: 1.000, data_time: 0.013, loss_cls: 2.9113, loss_reg: 1.1160, loss: 4.0273
2019-04-09 18:42:24,739 - INFO - Epoch [9][1100/10345]	lr: 0.00100, eta: 23:08:52, time: 1.000, data_time: 0.013, loss_cls: 2.7758, loss_reg: 1.1155, loss: 3.8913
2019-04-09 18:43:14,745 - INFO - Epoch [9][1150/10345]	lr: 0.00100, eta: 23:06:49, time: 1.000, data_time: 0.013, loss_cls: 2.8017, loss_reg: 1.1014, loss: 3.9031
2019-04-09 18:44:04,740 - INFO - Epoch [9][1200/10345]	lr: 0.00100, eta: 23:04:52, time: 1.000, data_time: 0.013, loss_cls: 2.7901, loss_reg: 1.1290, loss: 3.9191
2019-04-09 18:44:54,734 - INFO - Epoch [9][1250/10345]	lr: 0.00100, eta: 23:02:59, time: 1.000, data_time: 0.014, loss_cls: 2.8444, loss_reg: 1.1168, loss: 3.9612
2019-04-09 18:45:44,740 - INFO - Epoch [9][1300/10345]	lr: 0.00100, eta: 23:01:13, time: 1.000, data_time: 0.012, loss_cls: 2.8230, loss_reg: 1.1267, loss: 3.9497
2019-04-09 18:46:34,743 - INFO - Epoch [9][1350/10345]	lr: 0.00100, eta: 22:59:30, time: 1.000, data_time: 0.013, loss_cls: 2.8195, loss_reg: 1.1319, loss: 3.9514
2019-04-09 18:47:24,750 - INFO - Epoch [9][1400/10345]	lr: 0.00100, eta: 22:57:51, time: 1.000, data_time: 0.013, loss_cls: 2.8562, loss_reg: 1.1305, loss: 3.9867
2019-04-09 18:48:14,738 - INFO - Epoch [9][1450/10345]	lr: 0.00100, eta: 22:56:15, time: 1.000, data_time: 0.013, loss_cls: 2.8528, loss_reg: 1.1202, loss: 3.9730
2019-04-09 18:49:04,746 - INFO - Epoch [9][1500/10345]	lr: 0.00100, eta: 22:54:42, time: 1.000, data_time: 0.013, loss_cls: 2.8714, loss_reg: 1.1010, loss: 3.9724
2019-04-09 18:49:54,730 - INFO - Epoch [9][1550/10345]	lr: 0.00100, eta: 22:53:12, time: 1.000, data_time: 0.013, loss_cls: 2.8767, loss_reg: 1.1252, loss: 4.0019
2019-04-09 18:50:44,751 - INFO - Epoch [9][1600/10345]	lr: 0.00100, eta: 22:51:45, time: 1.000, data_time: 0.013, loss_cls: 2.7300, loss_reg: 1.0625, loss: 3.7925
2019-04-09 18:51:34,743 - INFO - Epoch [9][1650/10345]	lr: 0.00100, eta: 22:50:20, time: 1.000, data_time: 0.013, loss_cls: 2.7996, loss_reg: 1.1066, loss: 3.9062
2019-04-09 18:52:24,736 - INFO - Epoch [9][1700/10345]	lr: 0.00100, eta: 22:48:56, time: 1.000, data_time: 0.013, loss_cls: 2.9231, loss_reg: 1.1342, loss: 4.0573
2019-04-09 18:53:14,743 - INFO - Epoch [9][1750/10345]	lr: 0.00100, eta: 22:47:35, time: 1.000, data_time: 0.013, loss_cls: 2.8581, loss_reg: 1.1400, loss: 3.9981
2019-04-09 18:54:04,738 - INFO - Epoch [9][1800/10345]	lr: 0.00100, eta: 22:46:16, time: 1.000, data_time: 0.013, loss_cls: 2.8460, loss_reg: 1.0722, loss: 3.9182
2019-04-09 18:54:54,733 - INFO - Epoch [9][1850/10345]	lr: 0.00100, eta: 22:44:58, time: 1.000, data_time: 0.013, loss_cls: 2.8196, loss_reg: 1.0864, loss: 3.9059
2019-04-09 18:55:44,766 - INFO - Epoch [9][1900/10345]	lr: 0.00100, eta: 22:43:43, time: 1.001, data_time: 0.013, loss_cls: 2.8235, loss_reg: 1.1063, loss: 3.9298
2019-04-09 18:56:34,772 - INFO - Epoch [9][1950/10345]	lr: 0.00100, eta: 22:42:28, time: 1.000, data_time: 0.013, loss_cls: 2.9027, loss_reg: 1.1244, loss: 4.0271
2019-04-09 18:57:24,733 - INFO - Epoch [9][2000/10345]	lr: 0.00100, eta: 22:41:12, time: 0.999, data_time: 0.013, loss_cls: 2.7501, loss_reg: 1.0640, loss: 3.8141
2019-04-09 18:58:14,749 - INFO - Epoch [9][2050/10345]	lr: 0.00100, eta: 22:40:00, time: 1.000, data_time: 0.013, loss_cls: 2.7980, loss_reg: 1.0555, loss: 3.8536
2019-04-09 18:59:04,744 - INFO - Epoch [9][2100/10345]	lr: 0.00100, eta: 22:38:49, time: 1.000, data_time: 0.013, loss_cls: 2.8703, loss_reg: 1.0556, loss: 3.9260
2019-04-09 18:59:54,736 - INFO - Epoch [9][2150/10345]	lr: 0.00100, eta: 22:37:38, time: 1.000, data_time: 0.013, loss_cls: 2.8617, loss_reg: 1.1258, loss: 3.9876
2019-04-09 19:00:44,750 - INFO - Epoch [9][2200/10345]	lr: 0.00100, eta: 22:36:29, time: 1.000, data_time: 0.013, loss_cls: 2.7829, loss_reg: 1.0963, loss: 3.8792
2019-04-09 19:01:34,743 - INFO - Epoch [9][2250/10345]	lr: 0.00100, eta: 22:35:20, time: 1.000, data_time: 0.013, loss_cls: 2.8653, loss_reg: 1.1413, loss: 4.0066
2019-04-09 19:02:24,743 - INFO - Epoch [9][2300/10345]	lr: 0.00100, eta: 22:34:12, time: 1.000, data_time: 0.013, loss_cls: 2.8197, loss_reg: 1.1280, loss: 3.9477
2019-04-09 19:03:14,766 - INFO - Epoch [9][2350/10345]	lr: 0.00100, eta: 22:33:05, time: 1.000, data_time: 0.013, loss_cls: 2.8300, loss_reg: 1.1234, loss: 3.9534
2019-04-09 19:04:04,748 - INFO - Epoch [9][2400/10345]	lr: 0.00100, eta: 22:31:58, time: 1.000, data_time: 0.013, loss_cls: 2.7904, loss_reg: 1.1077, loss: 3.8981
2019-04-09 19:04:54,746 - INFO - Epoch [9][2450/10345]	lr: 0.00100, eta: 22:30:52, time: 1.000, data_time: 0.013, loss_cls: 2.8928, loss_reg: 1.1029, loss: 3.9957
2019-04-09 19:05:44,744 - INFO - Epoch [9][2500/10345]	lr: 0.00100, eta: 22:29:47, time: 1.000, data_time: 0.013, loss_cls: 2.8622, loss_reg: 1.0959, loss: 3.9581
2019-04-09 19:06:34,736 - INFO - Epoch [9][2550/10345]	lr: 0.00100, eta: 22:28:42, time: 1.000, data_time: 0.013, loss_cls: 2.7695, loss_reg: 1.0529, loss: 3.8225
2019-04-09 19:07:24,737 - INFO - Epoch [9][2600/10345]	lr: 0.00100, eta: 22:27:38, time: 1.000, data_time: 0.013, loss_cls: 2.9197, loss_reg: 1.1677, loss: 4.0874
2019-04-09 19:08:14,749 - INFO - Epoch [9][2650/10345]	lr: 0.00100, eta: 22:26:35, time: 1.000, data_time: 0.014, loss_cls: 2.8826, loss_reg: 1.0973, loss: 3.9798
2019-04-09 19:09:04,741 - INFO - Epoch [9][2700/10345]	lr: 0.00100, eta: 22:25:32, time: 1.000, data_time: 0.014, loss_cls: 2.8405, loss_reg: 1.0737, loss: 3.9141
2019-04-09 19:09:54,772 - INFO - Epoch [9][2750/10345]	lr: 0.00100, eta: 22:24:30, time: 1.001, data_time: 0.014, loss_cls: 2.8564, loss_reg: 1.1276, loss: 3.9841
2019-04-09 19:10:44,745 - INFO - Epoch [9][2800/10345]	lr: 0.00100, eta: 22:23:28, time: 0.999, data_time: 0.014, loss_cls: 2.8297, loss_reg: 1.0956, loss: 3.9253
2019-04-09 19:11:34,740 - INFO - Epoch [9][2850/10345]	lr: 0.00100, eta: 22:22:26, time: 1.000, data_time: 0.013, loss_cls: 2.7629, loss_reg: 1.0956, loss: 3.8585
2019-04-09 19:12:24,747 - INFO - Epoch [9][2900/10345]	lr: 0.00100, eta: 22:21:25, time: 1.000, data_time: 0.013, loss_cls: 2.8017, loss_reg: 1.0943, loss: 3.8960
2019-04-09 19:13:14,744 - INFO - Epoch [9][2950/10345]	lr: 0.00100, eta: 22:20:24, time: 1.000, data_time: 0.013, loss_cls: 2.8329, loss_reg: 1.1298, loss: 3.9627
2019-04-09 19:14:04,742 - INFO - Epoch [9][3000/10345]	lr: 0.00100, eta: 22:19:23, time: 1.000, data_time: 0.013, loss_cls: 2.7627, loss_reg: 1.0852, loss: 3.8479
2019-04-09 19:14:54,737 - INFO - Epoch [9][3050/10345]	lr: 0.00100, eta: 22:18:23, time: 1.000, data_time: 0.013, loss_cls: 2.7954, loss_reg: 1.0772, loss: 3.8726
2019-04-09 19:15:44,735 - INFO - Epoch [9][3100/10345]	lr: 0.00100, eta: 22:17:23, time: 1.000, data_time: 0.013, loss_cls: 2.8436, loss_reg: 1.1039, loss: 3.9475
2019-04-09 19:16:34,751 - INFO - Epoch [9][3150/10345]	lr: 0.00100, eta: 22:16:24, time: 1.000, data_time: 0.013, loss_cls: 2.8798, loss_reg: 1.1288, loss: 4.0086
2019-04-09 19:17:24,747 - INFO - Epoch [9][3200/10345]	lr: 0.00100, eta: 22:15:25, time: 1.000, data_time: 0.013, loss_cls: 2.7688, loss_reg: 1.0587, loss: 3.8275
2019-04-09 19:18:14,744 - INFO - Epoch [9][3250/10345]	lr: 0.00100, eta: 22:14:26, time: 1.000, data_time: 0.013, loss_cls: 2.8340, loss_reg: 1.0576, loss: 3.8916
2019-04-09 19:19:04,743 - INFO - Epoch [9][3300/10345]	lr: 0.00100, eta: 22:13:27, time: 1.000, data_time: 0.013, loss_cls: 2.8786, loss_reg: 1.0923, loss: 3.9708
2019-04-09 19:19:54,739 - INFO - Epoch [9][3350/10345]	lr: 0.00100, eta: 22:12:29, time: 1.000, data_time: 0.014, loss_cls: 2.7981, loss_reg: 1.0740, loss: 3.8721
2019-04-09 19:20:44,735 - INFO - Epoch [9][3400/10345]	lr: 0.00100, eta: 22:11:30, time: 1.000, data_time: 0.013, loss_cls: 2.7343, loss_reg: 1.0404, loss: 3.7747
2019-04-09 19:21:34,729 - INFO - Epoch [9][3450/10345]	lr: 0.00100, eta: 22:10:32, time: 1.000, data_time: 0.013, loss_cls: 2.8282, loss_reg: 1.0876, loss: 3.9158
2019-04-09 19:22:24,753 - INFO - Epoch [9][3500/10345]	lr: 0.00100, eta: 22:09:35, time: 1.000, data_time: 0.013, loss_cls: 2.8274, loss_reg: 1.1372, loss: 3.9646
2019-04-09 19:23:14,730 - INFO - Epoch [9][3550/10345]	lr: 0.00100, eta: 22:08:37, time: 1.000, data_time: 0.013, loss_cls: 2.8553, loss_reg: 1.1079, loss: 3.9632
2019-04-09 19:24:04,733 - INFO - Epoch [9][3600/10345]	lr: 0.00100, eta: 22:07:40, time: 1.000, data_time: 0.013, loss_cls: 2.8219, loss_reg: 1.1152, loss: 3.9371
2019-04-09 19:24:54,740 - INFO - Epoch [9][3650/10345]	lr: 0.00100, eta: 22:06:43, time: 1.000, data_time: 0.014, loss_cls: 2.8324, loss_reg: 1.1265, loss: 3.9589
2019-04-09 19:25:44,753 - INFO - Epoch [9][3700/10345]	lr: 0.00100, eta: 22:05:46, time: 1.000, data_time: 0.013, loss_cls: 2.8654, loss_reg: 1.1198, loss: 3.9852
2019-04-09 19:26:34,734 - INFO - Epoch [9][3750/10345]	lr: 0.00100, eta: 22:04:49, time: 1.000, data_time: 0.013, loss_cls: 2.7501, loss_reg: 1.0930, loss: 3.8431
2019-04-09 19:27:24,745 - INFO - Epoch [9][3800/10345]	lr: 0.00100, eta: 22:03:53, time: 1.000, data_time: 0.013, loss_cls: 2.8350, loss_reg: 1.1068, loss: 3.9418
2019-04-09 19:28:14,740 - INFO - Epoch [9][3850/10345]	lr: 0.00100, eta: 22:02:57, time: 1.000, data_time: 0.014, loss_cls: 2.8320, loss_reg: 1.1123, loss: 3.9443
2019-04-09 19:29:04,752 - INFO - Epoch [9][3900/10345]	lr: 0.00100, eta: 22:02:01, time: 1.000, data_time: 0.013, loss_cls: 2.8097, loss_reg: 1.0706, loss: 3.8803
2019-04-09 19:29:54,751 - INFO - Epoch [9][3950/10345]	lr: 0.00100, eta: 22:01:05, time: 1.000, data_time: 0.013, loss_cls: 2.8022, loss_reg: 1.0952, loss: 3.8973
2019-04-09 19:30:44,730 - INFO - Epoch [9][4000/10345]	lr: 0.00100, eta: 22:00:08, time: 1.000, data_time: 0.013, loss_cls: 2.8084, loss_reg: 1.1067, loss: 3.9151
2019-04-09 19:31:34,745 - INFO - Epoch [9][4050/10345]	lr: 0.00100, eta: 21:59:13, time: 1.000, data_time: 0.014, loss_cls: 2.8345, loss_reg: 1.0992, loss: 3.9337
2019-04-09 19:32:24,738 - INFO - Epoch [9][4100/10345]	lr: 0.00100, eta: 21:58:17, time: 1.000, data_time: 0.013, loss_cls: 2.7447, loss_reg: 1.0400, loss: 3.7846
2019-04-09 19:33:14,736 - INFO - Epoch [9][4150/10345]	lr: 0.00100, eta: 21:57:22, time: 1.000, data_time: 0.013, loss_cls: 2.7289, loss_reg: 1.0898, loss: 3.8187
2019-04-09 19:34:04,749 - INFO - Epoch [9][4200/10345]	lr: 0.00100, eta: 21:56:27, time: 1.000, data_time: 0.013, loss_cls: 2.8528, loss_reg: 1.0878, loss: 3.9406
2019-04-09 19:34:54,739 - INFO - Epoch [9][4250/10345]	lr: 0.00100, eta: 21:55:31, time: 1.000, data_time: 0.014, loss_cls: 2.8020, loss_reg: 1.0782, loss: 3.8802
2019-04-09 19:35:44,747 - INFO - Epoch [9][4300/10345]	lr: 0.00100, eta: 21:54:36, time: 1.000, data_time: 0.014, loss_cls: 2.8232, loss_reg: 1.1113, loss: 3.9345
2019-04-09 19:36:34,738 - INFO - Epoch [9][4350/10345]	lr: 0.00100, eta: 21:53:41, time: 1.000, data_time: 0.014, loss_cls: 2.8090, loss_reg: 1.1475, loss: 3.9565
2019-04-09 19:37:24,740 - INFO - Epoch [9][4400/10345]	lr: 0.00100, eta: 21:52:46, time: 1.000, data_time: 0.014, loss_cls: 2.8383, loss_reg: 1.1006, loss: 3.9389
2019-04-09 19:38:14,734 - INFO - Epoch [9][4450/10345]	lr: 0.00100, eta: 21:51:52, time: 1.000, data_time: 0.014, loss_cls: 2.7302, loss_reg: 1.1026, loss: 3.8328
2019-04-09 19:39:04,744 - INFO - Epoch [9][4500/10345]	lr: 0.00100, eta: 21:50:57, time: 1.000, data_time: 0.014, loss_cls: 2.8369, loss_reg: 1.1266, loss: 3.9635
2019-04-09 19:39:54,739 - INFO - Epoch [9][4550/10345]	lr: 0.00100, eta: 21:50:02, time: 1.000, data_time: 0.013, loss_cls: 2.7856, loss_reg: 1.0898, loss: 3.8754
2019-04-09 19:40:44,753 - INFO - Epoch [9][4600/10345]	lr: 0.00100, eta: 21:49:08, time: 1.000, data_time: 0.014, loss_cls: 2.7686, loss_reg: 1.0942, loss: 3.8628
2019-04-09 19:41:34,747 - INFO - Epoch [9][4650/10345]	lr: 0.00100, eta: 21:48:14, time: 1.000, data_time: 0.013, loss_cls: 2.8335, loss_reg: 1.0998, loss: 3.9332
2019-04-09 19:42:24,748 - INFO - Epoch [9][4700/10345]	lr: 0.00100, eta: 21:47:20, time: 1.000, data_time: 0.013, loss_cls: 2.8407, loss_reg: 1.0702, loss: 3.9109
2019-04-09 19:43:14,745 - INFO - Epoch [9][4750/10345]	lr: 0.00100, eta: 21:46:25, time: 1.000, data_time: 0.013, loss_cls: 2.9048, loss_reg: 1.0972, loss: 4.0020
2019-04-09 19:44:04,757 - INFO - Epoch [9][4800/10345]	lr: 0.00100, eta: 21:45:31, time: 1.000, data_time: 0.013, loss_cls: 2.8079, loss_reg: 1.0552, loss: 3.8632
2019-04-09 19:44:54,748 - INFO - Epoch [9][4850/10345]	lr: 0.00100, eta: 21:44:37, time: 1.000, data_time: 0.013, loss_cls: 2.7922, loss_reg: 1.0888, loss: 3.8810
2019-04-09 19:45:44,737 - INFO - Epoch [9][4900/10345]	lr: 0.00100, eta: 21:43:43, time: 1.000, data_time: 0.013, loss_cls: 2.7974, loss_reg: 1.0621, loss: 3.8595
2019-04-09 19:46:34,732 - INFO - Epoch [9][4950/10345]	lr: 0.00100, eta: 21:42:49, time: 1.000, data_time: 0.013, loss_cls: 2.8008, loss_reg: 1.0667, loss: 3.8675
2019-04-09 19:47:24,777 - INFO - Epoch [9][5000/10345]	lr: 0.00100, eta: 21:41:56, time: 1.001, data_time: 0.013, loss_cls: 2.7625, loss_reg: 1.0875, loss: 3.8500
2019-04-09 19:48:14,740 - INFO - Epoch [9][5050/10345]	lr: 0.00100, eta: 21:41:02, time: 0.999, data_time: 0.013, loss_cls: 2.7755, loss_reg: 1.1110, loss: 3.8864
2019-04-09 19:49:04,734 - INFO - Epoch [9][5100/10345]	lr: 0.00100, eta: 21:40:08, time: 1.000, data_time: 0.013, loss_cls: 2.7694, loss_reg: 1.0631, loss: 3.8325
2019-04-09 19:49:54,751 - INFO - Epoch [9][5150/10345]	lr: 0.00100, eta: 21:39:15, time: 1.000, data_time: 0.013, loss_cls: 2.8055, loss_reg: 1.0532, loss: 3.8587
2019-04-09 19:50:44,748 - INFO - Epoch [9][5200/10345]	lr: 0.00100, eta: 21:38:22, time: 1.000, data_time: 0.013, loss_cls: 2.7693, loss_reg: 1.0791, loss: 3.8484
2019-04-09 19:51:34,732 - INFO - Epoch [9][5250/10345]	lr: 0.00100, eta: 21:37:28, time: 1.000, data_time: 0.013, loss_cls: 2.8207, loss_reg: 1.0802, loss: 3.9009
2019-04-09 19:52:24,743 - INFO - Epoch [9][5300/10345]	lr: 0.00100, eta: 21:36:35, time: 1.000, data_time: 0.014, loss_cls: 2.7750, loss_reg: 1.0794, loss: 3.8545
2019-04-09 19:53:14,753 - INFO - Epoch [9][5350/10345]	lr: 0.00100, eta: 21:35:42, time: 1.000, data_time: 0.014, loss_cls: 2.7446, loss_reg: 1.0682, loss: 3.8127
2019-04-09 19:54:04,743 - INFO - Epoch [9][5400/10345]	lr: 0.00100, eta: 21:34:48, time: 1.000, data_time: 0.014, loss_cls: 2.7958, loss_reg: 1.0969, loss: 3.8927
2019-04-09 19:54:54,730 - INFO - Epoch [9][5450/10345]	lr: 0.00100, eta: 21:33:55, time: 1.000, data_time: 0.013, loss_cls: 2.8357, loss_reg: 1.0920, loss: 3.9277
2019-04-09 19:55:44,767 - INFO - Epoch [9][5500/10345]	lr: 0.00100, eta: 21:33:02, time: 1.001, data_time: 0.013, loss_cls: 2.7846, loss_reg: 1.0582, loss: 3.8429
2019-04-09 19:56:34,743 - INFO - Epoch [9][5550/10345]	lr: 0.00100, eta: 21:32:09, time: 1.000, data_time: 0.013, loss_cls: 2.7519, loss_reg: 1.1004, loss: 3.8522
2019-04-09 19:57:24,736 - INFO - Epoch [9][5600/10345]	lr: 0.00100, eta: 21:31:16, time: 1.000, data_time: 0.013, loss_cls: 2.7861, loss_reg: 1.0835, loss: 3.8696
2019-04-09 19:58:14,746 - INFO - Epoch [9][5650/10345]	lr: 0.00100, eta: 21:30:23, time: 1.000, data_time: 0.013, loss_cls: 2.8421, loss_reg: 1.1195, loss: 3.9616
2019-04-09 19:59:04,753 - INFO - Epoch [9][5700/10345]	lr: 0.00100, eta: 21:29:30, time: 1.000, data_time: 0.013, loss_cls: 2.8062, loss_reg: 1.0700, loss: 3.8763
2019-04-09 19:59:54,784 - INFO - Epoch [9][5750/10345]	lr: 0.00100, eta: 21:28:38, time: 1.001, data_time: 0.014, loss_cls: 2.7846, loss_reg: 1.0822, loss: 3.8668
2019-04-09 20:00:44,736 - INFO - Epoch [9][5800/10345]	lr: 0.00100, eta: 21:27:44, time: 0.999, data_time: 0.014, loss_cls: 2.7831, loss_reg: 1.0802, loss: 3.8633
2019-04-09 20:01:34,770 - INFO - Epoch [9][5850/10345]	lr: 0.00100, eta: 21:26:52, time: 1.001, data_time: 0.014, loss_cls: 2.8445, loss_reg: 1.0882, loss: 3.9327
2019-04-09 20:02:24,764 - INFO - Epoch [9][5900/10345]	lr: 0.00100, eta: 21:25:59, time: 1.000, data_time: 0.014, loss_cls: 2.8129, loss_reg: 1.1064, loss: 3.9194
2019-04-09 20:03:14,731 - INFO - Epoch [9][5950/10345]	lr: 0.00100, eta: 21:25:06, time: 0.999, data_time: 0.014, loss_cls: 2.7558, loss_reg: 1.0850, loss: 3.8408
2019-04-09 20:04:04,740 - INFO - Epoch [9][6000/10345]	lr: 0.00100, eta: 21:24:14, time: 1.000, data_time: 0.013, loss_cls: 2.7664, loss_reg: 1.1012, loss: 3.8676
2019-04-09 20:04:54,736 - INFO - Epoch [9][6050/10345]	lr: 0.00100, eta: 21:23:21, time: 1.000, data_time: 0.013, loss_cls: 2.7958, loss_reg: 1.1036, loss: 3.8993
2019-04-09 20:05:44,745 - INFO - Epoch [9][6100/10345]	lr: 0.00100, eta: 21:22:29, time: 1.000, data_time: 0.014, loss_cls: 2.8195, loss_reg: 1.0857, loss: 3.9051
2019-04-09 20:06:34,747 - INFO - Epoch [9][6150/10345]	lr: 0.00100, eta: 21:21:36, time: 1.000, data_time: 0.014, loss_cls: 2.7119, loss_reg: 1.0507, loss: 3.7625
2019-04-09 20:07:24,731 - INFO - Epoch [9][6200/10345]	lr: 0.00100, eta: 21:20:44, time: 1.000, data_time: 0.014, loss_cls: 2.7346, loss_reg: 1.0649, loss: 3.7996
2019-04-09 20:08:14,743 - INFO - Epoch [9][6250/10345]	lr: 0.00100, eta: 21:19:52, time: 1.000, data_time: 0.014, loss_cls: 2.8190, loss_reg: 1.0995, loss: 3.9185
2019-04-09 20:09:04,752 - INFO - Epoch [9][6300/10345]	lr: 0.00100, eta: 21:18:59, time: 1.000, data_time: 0.013, loss_cls: 2.7415, loss_reg: 1.0608, loss: 3.8023
2019-04-09 20:09:54,762 - INFO - Epoch [9][6350/10345]	lr: 0.00100, eta: 21:18:07, time: 1.000, data_time: 0.013, loss_cls: 2.7529, loss_reg: 1.1007, loss: 3.8535
2019-04-09 20:10:44,787 - INFO - Epoch [9][6400/10345]	lr: 0.00100, eta: 21:17:15, time: 1.001, data_time: 0.014, loss_cls: 2.7653, loss_reg: 1.0573, loss: 3.8226
2019-04-09 20:11:34,760 - INFO - Epoch [9][6450/10345]	lr: 0.00100, eta: 21:16:23, time: 0.999, data_time: 0.013, loss_cls: 2.8036, loss_reg: 1.0980, loss: 3.9016
2019-04-09 20:12:24,769 - INFO - Epoch [9][6500/10345]	lr: 0.00100, eta: 21:15:30, time: 1.000, data_time: 0.013, loss_cls: 2.7740, loss_reg: 1.1142, loss: 3.8882
2019-04-09 20:13:14,741 - INFO - Epoch [9][6550/10345]	lr: 0.00100, eta: 21:14:38, time: 0.999, data_time: 0.014, loss_cls: 2.7853, loss_reg: 1.0878, loss: 3.8731
2019-04-09 20:14:04,740 - INFO - Epoch [9][6600/10345]	lr: 0.00100, eta: 21:13:46, time: 1.000, data_time: 0.014, loss_cls: 2.7254, loss_reg: 1.0856, loss: 3.8110
2019-04-09 20:14:54,741 - INFO - Epoch [9][6650/10345]	lr: 0.00100, eta: 21:12:54, time: 1.000, data_time: 0.013, loss_cls: 2.8204, loss_reg: 1.0595, loss: 3.8800
2019-04-09 20:15:44,782 - INFO - Epoch [9][6700/10345]	lr: 0.00100, eta: 21:12:02, time: 1.001, data_time: 0.014, loss_cls: 2.7391, loss_reg: 1.0884, loss: 3.8275
2019-04-09 20:16:34,744 - INFO - Epoch [9][6750/10345]	lr: 0.00100, eta: 21:11:10, time: 0.999, data_time: 0.013, loss_cls: 2.7993, loss_reg: 1.0787, loss: 3.8779
2019-04-09 20:17:24,749 - INFO - Epoch [9][6800/10345]	lr: 0.00100, eta: 21:10:18, time: 1.000, data_time: 0.013, loss_cls: 2.8393, loss_reg: 1.0918, loss: 3.9311
2019-04-09 20:18:14,773 - INFO - Epoch [9][6850/10345]	lr: 0.00100, eta: 21:09:26, time: 1.000, data_time: 0.014, loss_cls: 2.8198, loss_reg: 1.0806, loss: 3.9005
2019-04-09 20:19:04,749 - INFO - Epoch [9][6900/10345]	lr: 0.00100, eta: 21:08:34, time: 1.000, data_time: 0.013, loss_cls: 2.8488, loss_reg: 1.0969, loss: 3.9456
2019-04-09 20:19:54,789 - INFO - Epoch [9][6950/10345]	lr: 0.00100, eta: 21:07:42, time: 1.001, data_time: 0.013, loss_cls: 2.7442, loss_reg: 1.0413, loss: 3.7855
2019-04-09 20:20:44,788 - INFO - Epoch [9][7000/10345]	lr: 0.00100, eta: 21:06:50, time: 1.000, data_time: 0.014, loss_cls: 2.7670, loss_reg: 1.0522, loss: 3.8192
2019-04-09 20:21:34,746 - INFO - Epoch [9][7050/10345]	lr: 0.00100, eta: 21:05:58, time: 0.999, data_time: 0.013, loss_cls: 2.8399, loss_reg: 1.1189, loss: 3.9588
2019-04-09 20:22:24,743 - INFO - Epoch [9][7100/10345]	lr: 0.00100, eta: 21:05:06, time: 1.000, data_time: 0.013, loss_cls: 2.7291, loss_reg: 1.0428, loss: 3.7719
2019-04-09 20:23:14,730 - INFO - Epoch [9][7150/10345]	lr: 0.00100, eta: 21:04:14, time: 1.000, data_time: 0.013, loss_cls: 2.7122, loss_reg: 1.0765, loss: 3.7888
2019-04-09 20:24:04,752 - INFO - Epoch [9][7200/10345]	lr: 0.00100, eta: 21:03:22, time: 1.000, data_time: 0.014, loss_cls: 2.7450, loss_reg: 1.0346, loss: 3.7796
2019-04-09 20:24:54,743 - INFO - Epoch [9][7250/10345]	lr: 0.00100, eta: 21:02:31, time: 1.000, data_time: 0.013, loss_cls: 2.7489, loss_reg: 1.0969, loss: 3.8458
2019-04-09 20:25:44,756 - INFO - Epoch [9][7300/10345]	lr: 0.00100, eta: 21:01:39, time: 1.000, data_time: 0.014, loss_cls: 2.7416, loss_reg: 1.1190, loss: 3.8605
2019-04-09 20:26:34,803 - INFO - Epoch [9][7350/10345]	lr: 0.00100, eta: 21:00:48, time: 1.001, data_time: 0.014, loss_cls: 2.8067, loss_reg: 1.0865, loss: 3.8933
2019-04-09 20:27:24,788 - INFO - Epoch [9][7400/10345]	lr: 0.00100, eta: 20:59:56, time: 1.000, data_time: 0.014, loss_cls: 2.7588, loss_reg: 1.0620, loss: 3.8207
2019-04-09 20:28:14,766 - INFO - Epoch [9][7450/10345]	lr: 0.00100, eta: 20:59:04, time: 1.000, data_time: 0.013, loss_cls: 2.7174, loss_reg: 1.0854, loss: 3.8028
2019-04-09 20:29:04,753 - INFO - Epoch [9][7500/10345]	lr: 0.00100, eta: 20:58:12, time: 1.000, data_time: 0.013, loss_cls: 2.7625, loss_reg: 1.0719, loss: 3.8344
2019-04-09 20:29:54,755 - INFO - Epoch [9][7550/10345]	lr: 0.00100, eta: 20:57:21, time: 1.000, data_time: 0.013, loss_cls: 2.7599, loss_reg: 1.0758, loss: 3.8357
2019-04-09 20:30:44,742 - INFO - Epoch [9][7600/10345]	lr: 0.00100, eta: 20:56:29, time: 1.000, data_time: 0.014, loss_cls: 2.6787, loss_reg: 1.0578, loss: 3.7366
2019-04-09 20:31:34,788 - INFO - Epoch [9][7650/10345]	lr: 0.00100, eta: 20:55:38, time: 1.001, data_time: 0.013, loss_cls: 2.7359, loss_reg: 1.0436, loss: 3.7795
2019-04-09 20:32:24,740 - INFO - Epoch [9][7700/10345]	lr: 0.00100, eta: 20:54:46, time: 0.999, data_time: 0.013, loss_cls: 2.6866, loss_reg: 1.0634, loss: 3.7500
2019-04-09 20:33:14,751 - INFO - Epoch [9][7750/10345]	lr: 0.00100, eta: 20:53:54, time: 1.000, data_time: 0.013, loss_cls: 2.7690, loss_reg: 1.0990, loss: 3.8680
2019-04-09 20:34:04,737 - INFO - Epoch [9][7800/10345]	lr: 0.00100, eta: 20:53:02, time: 1.000, data_time: 0.014, loss_cls: 2.7095, loss_reg: 1.0581, loss: 3.7676
2019-04-09 20:34:54,749 - INFO - Epoch [9][7850/10345]	lr: 0.00100, eta: 20:52:11, time: 1.000, data_time: 0.014, loss_cls: 2.6906, loss_reg: 0.9955, loss: 3.6862
2019-04-09 20:35:44,749 - INFO - Epoch [9][7900/10345]	lr: 0.00100, eta: 20:51:20, time: 1.000, data_time: 0.014, loss_cls: 2.7398, loss_reg: 1.0618, loss: 3.8016
2019-04-09 20:36:34,742 - INFO - Epoch [9][7950/10345]	lr: 0.00100, eta: 20:50:28, time: 1.000, data_time: 0.014, loss_cls: 2.7334, loss_reg: 1.0608, loss: 3.7941
2019-04-09 20:37:24,746 - INFO - Epoch [9][8000/10345]	lr: 0.00100, eta: 20:49:37, time: 1.000, data_time: 0.014, loss_cls: 2.7716, loss_reg: 1.0857, loss: 3.8573
2019-04-09 20:38:14,752 - INFO - Epoch [9][8050/10345]	lr: 0.00100, eta: 20:48:45, time: 1.000, data_time: 0.014, loss_cls: 2.7644, loss_reg: 1.0418, loss: 3.8062
2019-04-09 20:39:04,773 - INFO - Epoch [9][8100/10345]	lr: 0.00100, eta: 20:47:54, time: 1.000, data_time: 0.014, loss_cls: 2.8187, loss_reg: 1.0638, loss: 3.8825
2019-04-09 20:39:54,738 - INFO - Epoch [9][8150/10345]	lr: 0.00100, eta: 20:47:02, time: 0.999, data_time: 0.013, loss_cls: 2.7402, loss_reg: 1.0539, loss: 3.7941
2019-04-09 20:40:44,749 - INFO - Epoch [9][8200/10345]	lr: 0.00100, eta: 20:46:11, time: 1.000, data_time: 0.014, loss_cls: 2.7533, loss_reg: 1.0510, loss: 3.8043
2019-04-09 20:41:34,741 - INFO - Epoch [9][8250/10345]	lr: 0.00100, eta: 20:45:20, time: 1.000, data_time: 0.013, loss_cls: 2.7540, loss_reg: 1.0925, loss: 3.8465
2019-04-09 20:42:24,780 - INFO - Epoch [9][8300/10345]	lr: 0.00100, eta: 20:44:29, time: 1.001, data_time: 0.013, loss_cls: 2.6416, loss_reg: 1.0415, loss: 3.6831
2019-04-09 20:43:14,742 - INFO - Epoch [9][8350/10345]	lr: 0.00100, eta: 20:43:37, time: 0.999, data_time: 0.013, loss_cls: 2.7320, loss_reg: 1.0776, loss: 3.8095
2019-04-09 20:44:04,734 - INFO - Epoch [9][8400/10345]	lr: 0.00100, eta: 20:42:45, time: 1.000, data_time: 0.014, loss_cls: 2.6703, loss_reg: 1.0635, loss: 3.7338
2019-04-09 20:44:54,734 - INFO - Epoch [9][8450/10345]	lr: 0.00100, eta: 20:41:54, time: 1.000, data_time: 0.014, loss_cls: 2.7767, loss_reg: 1.0695, loss: 3.8462
2019-04-09 20:45:44,753 - INFO - Epoch [9][8500/10345]	lr: 0.00100, eta: 20:41:03, time: 1.000, data_time: 0.013, loss_cls: 2.7838, loss_reg: 1.1097, loss: 3.8935
2019-04-09 20:46:34,742 - INFO - Epoch [9][8550/10345]	lr: 0.00100, eta: 20:40:12, time: 1.000, data_time: 0.013, loss_cls: 2.6890, loss_reg: 1.0271, loss: 3.7160
2019-04-09 20:47:24,749 - INFO - Epoch [9][8600/10345]	lr: 0.00100, eta: 20:39:20, time: 1.000, data_time: 0.014, loss_cls: 2.7854, loss_reg: 1.0553, loss: 3.8407
2019-04-09 20:48:14,752 - INFO - Epoch [9][8650/10345]	lr: 0.00100, eta: 20:38:29, time: 1.000, data_time: 0.014, loss_cls: 2.7846, loss_reg: 1.0968, loss: 3.8814
2019-04-09 20:49:04,739 - INFO - Epoch [9][8700/10345]	lr: 0.00100, eta: 20:37:38, time: 1.000, data_time: 0.014, loss_cls: 2.7412, loss_reg: 1.0824, loss: 3.8237
2019-04-09 20:49:54,737 - INFO - Epoch [9][8750/10345]	lr: 0.00100, eta: 20:36:47, time: 1.000, data_time: 0.014, loss_cls: 2.7127, loss_reg: 1.0387, loss: 3.7514
2019-04-09 20:50:44,745 - INFO - Epoch [9][8800/10345]	lr: 0.00100, eta: 20:35:55, time: 1.000, data_time: 0.013, loss_cls: 2.8423, loss_reg: 1.1201, loss: 3.9625
2019-04-09 20:51:34,731 - INFO - Epoch [9][8850/10345]	lr: 0.00100, eta: 20:35:04, time: 1.000, data_time: 0.013, loss_cls: 2.7072, loss_reg: 0.9953, loss: 3.7025
2019-04-09 20:52:24,769 - INFO - Epoch [9][8900/10345]	lr: 0.00100, eta: 20:34:13, time: 1.001, data_time: 0.014, loss_cls: 2.7106, loss_reg: 1.0473, loss: 3.7578
2019-04-09 20:53:14,734 - INFO - Epoch [9][8950/10345]	lr: 0.00100, eta: 20:33:22, time: 0.999, data_time: 0.013, loss_cls: 2.7735, loss_reg: 1.0877, loss: 3.8612
2019-04-09 20:54:04,747 - INFO - Epoch [9][9000/10345]	lr: 0.00100, eta: 20:32:31, time: 1.000, data_time: 0.014, loss_cls: 2.7607, loss_reg: 1.0417, loss: 3.8024
2019-04-09 20:54:54,742 - INFO - Epoch [9][9050/10345]	lr: 0.00100, eta: 20:31:40, time: 1.000, data_time: 0.014, loss_cls: 2.7201, loss_reg: 1.0456, loss: 3.7657
2019-04-09 20:55:44,762 - INFO - Epoch [9][9100/10345]	lr: 0.00100, eta: 20:30:49, time: 1.000, data_time: 0.014, loss_cls: 2.6691, loss_reg: 1.0278, loss: 3.6968
2019-04-09 20:56:34,773 - INFO - Epoch [9][9150/10345]	lr: 0.00100, eta: 20:29:58, time: 1.000, data_time: 0.014, loss_cls: 2.7023, loss_reg: 1.0384, loss: 3.7407
2019-04-09 20:57:24,779 - INFO - Epoch [9][9200/10345]	lr: 0.00100, eta: 20:29:07, time: 1.000, data_time: 0.013, loss_cls: 2.7254, loss_reg: 1.0440, loss: 3.7694
2019-04-09 20:58:14,735 - INFO - Epoch [9][9250/10345]	lr: 0.00100, eta: 20:28:15, time: 0.999, data_time: 0.013, loss_cls: 2.7657, loss_reg: 1.0871, loss: 3.8529
2019-04-09 20:59:04,736 - INFO - Epoch [9][9300/10345]	lr: 0.00100, eta: 20:27:24, time: 1.000, data_time: 0.014, loss_cls: 2.6745, loss_reg: 1.0482, loss: 3.7227
2019-04-09 20:59:54,750 - INFO - Epoch [9][9350/10345]	lr: 0.00100, eta: 20:26:33, time: 1.000, data_time: 0.014, loss_cls: 2.7512, loss_reg: 1.0890, loss: 3.8403
2019-04-09 21:00:44,740 - INFO - Epoch [9][9400/10345]	lr: 0.00100, eta: 20:25:42, time: 1.000, data_time: 0.014, loss_cls: 2.7156, loss_reg: 1.0798, loss: 3.7954
2019-04-09 21:01:34,754 - INFO - Epoch [9][9450/10345]	lr: 0.00100, eta: 20:24:51, time: 1.000, data_time: 0.014, loss_cls: 2.8066, loss_reg: 1.0955, loss: 3.9021
2019-04-09 21:02:24,751 - INFO - Epoch [9][9500/10345]	lr: 0.00100, eta: 20:24:00, time: 1.000, data_time: 0.014, loss_cls: 2.6779, loss_reg: 1.0462, loss: 3.7241
2019-04-09 21:03:14,774 - INFO - Epoch [9][9550/10345]	lr: 0.00100, eta: 20:23:09, time: 1.000, data_time: 0.014, loss_cls: 2.7297, loss_reg: 1.0295, loss: 3.7592
2019-04-09 21:04:04,774 - INFO - Epoch [9][9600/10345]	lr: 0.00100, eta: 20:22:18, time: 1.000, data_time: 0.014, loss_cls: 2.7161, loss_reg: 1.0640, loss: 3.7801
2019-04-09 21:04:54,749 - INFO - Epoch [9][9650/10345]	lr: 0.00100, eta: 20:21:27, time: 0.999, data_time: 0.013, loss_cls: 2.7704, loss_reg: 1.0450, loss: 3.8154
2019-04-09 21:05:44,740 - INFO - Epoch [9][9700/10345]	lr: 0.00100, eta: 20:20:36, time: 1.000, data_time: 0.013, loss_cls: 2.7342, loss_reg: 1.0652, loss: 3.7994
2019-04-09 21:06:34,775 - INFO - Epoch [9][9750/10345]	lr: 0.00100, eta: 20:19:45, time: 1.001, data_time: 0.014, loss_cls: 2.7449, loss_reg: 1.0641, loss: 3.8089
2019-04-09 21:07:24,740 - INFO - Epoch [9][9800/10345]	lr: 0.00100, eta: 20:18:54, time: 0.999, data_time: 0.013, loss_cls: 2.7450, loss_reg: 1.0223, loss: 3.7673
2019-04-09 21:08:14,733 - INFO - Epoch [9][9850/10345]	lr: 0.00100, eta: 20:18:03, time: 1.000, data_time: 0.013, loss_cls: 2.7223, loss_reg: 1.0698, loss: 3.7921
2019-04-09 21:09:04,763 - INFO - Epoch [9][9900/10345]	lr: 0.00100, eta: 20:17:12, time: 1.001, data_time: 0.013, loss_cls: 2.6890, loss_reg: 1.0929, loss: 3.7819
2019-04-09 21:09:54,782 - INFO - Epoch [9][9950/10345]	lr: 0.00100, eta: 20:16:21, time: 1.000, data_time: 0.014, loss_cls: 2.6902, loss_reg: 1.0292, loss: 3.7195
2019-04-09 21:10:44,763 - INFO - Epoch [9][10000/10345]	lr: 0.00100, eta: 20:15:30, time: 1.000, data_time: 0.014, loss_cls: 2.7116, loss_reg: 1.0607, loss: 3.7723
2019-04-09 21:11:34,744 - INFO - Epoch [9][10050/10345]	lr: 0.00100, eta: 20:14:39, time: 1.000, data_time: 0.014, loss_cls: 2.6356, loss_reg: 1.0180, loss: 3.6536
2019-04-09 21:12:24,769 - INFO - Epoch [9][10100/10345]	lr: 0.00100, eta: 20:13:49, time: 1.001, data_time: 0.014, loss_cls: 2.7230, loss_reg: 1.0478, loss: 3.7708
2019-04-09 21:13:14,751 - INFO - Epoch [9][10150/10345]	lr: 0.00100, eta: 20:12:57, time: 1.000, data_time: 0.013, loss_cls: 2.7448, loss_reg: 1.0447, loss: 3.7895
2019-04-09 21:14:04,752 - INFO - Epoch [9][10200/10345]	lr: 0.00100, eta: 20:12:07, time: 1.000, data_time: 0.013, loss_cls: 2.6945, loss_reg: 1.0296, loss: 3.7242
2019-04-09 21:14:54,738 - INFO - Epoch [9][10250/10345]	lr: 0.00100, eta: 20:11:16, time: 1.000, data_time: 0.013, loss_cls: 2.7501, loss_reg: 1.0474, loss: 3.7974
2019-04-09 21:15:44,728 - INFO - Epoch [9][10300/10345]	lr: 0.00100, eta: 20:10:25, time: 1.000, data_time: 0.013, loss_cls: 2.8068, loss_reg: 1.1022, loss: 3.9091