2019-04-12 18:34:26,027 - INFO - load checkpoint from ./work_dirs/m2det512_voc/latest.pth
2019-04-12 18:34:26,751 - INFO - resumed epoch 20, iter 289652
2019-04-12 18:34:26,753 - INFO - Start running, host: ubuntu@ubun, work_dir: /home/ubuntu/suliang_git/simple_ssd_pytorch/work_dirs/m2det512_voc
2019-04-12 18:34:26,753 - INFO - workflow: [('train', 1)], max: 28 epochs
2019-04-12 18:35:30,103 - INFO - Epoch [21][50/10345]	lr: 0.00002, eta: -1 day, 23:59:07, time: 1.267, data_time: 0.037, loss_cls: 2.0629, loss_reg: 0.7540, loss: 2.8169
2019-04-12 18:36:20,136 - INFO - Epoch [21][100/10345]	lr: 0.00002, eta: -1 day, 23:58:16, time: 1.001, data_time: 0.015, loss_cls: 2.0387, loss_reg: 0.7739, loss: 2.8126
2019-04-12 18:37:10,148 - INFO - Epoch [21][150/10345]	lr: 0.00002, eta: -1 day, 23:57:26, time: 1.000, data_time: 0.015, loss_cls: 2.0343, loss_reg: 0.7708, loss: 2.8051
2019-04-12 18:38:00,145 - INFO - Epoch [21][200/10345]	lr: 0.00002, eta: -1 day, 23:56:36, time: 1.000, data_time: 0.015, loss_cls: 2.0263, loss_reg: 0.7590, loss: 2.7853
2019-04-12 18:38:50,768 - INFO - Epoch [21][250/10345]	lr: 0.00002, eta: -1 day, 23:55:45, time: 1.012, data_time: 0.014, loss_cls: 2.0095, loss_reg: 0.7457, loss: 2.7552
2019-04-12 18:39:40,791 - INFO - Epoch [21][300/10345]	lr: 0.00002, eta: -1 day, 23:54:55, time: 1.000, data_time: 0.013, loss_cls: 2.0191, loss_reg: 0.7485, loss: 2.7676
2019-04-12 18:40:31,119 - INFO - Epoch [21][350/10345]	lr: 0.00002, eta: -1 day, 23:54:04, time: 1.007, data_time: 0.013, loss_cls: 2.0078, loss_reg: 0.7670, loss: 2.7748
2019-04-12 18:41:21,136 - INFO - Epoch [21][400/10345]	lr: 0.00002, eta: -1 day, 23:53:14, time: 1.000, data_time: 0.013, loss_cls: 1.9975, loss_reg: 0.7351, loss: 2.7325
2019-04-12 18:42:11,119 - INFO - Epoch [21][450/10345]	lr: 0.00002, eta: -1 day, 23:52:24, time: 1.000, data_time: 0.013, loss_cls: 2.0057, loss_reg: 0.7332, loss: 2.7388
2019-04-12 18:43:01,092 - INFO - Epoch [21][500/10345]	lr: 0.00002, eta: -1 day, 23:51:34, time: 0.999, data_time: 0.013, loss_cls: 1.9778, loss_reg: 0.7232, loss: 2.7010
2019-04-12 18:43:51,118 - INFO - Epoch [21][550/10345]	lr: 0.00002, eta: -1 day, 23:50:44, time: 1.001, data_time: 0.013, loss_cls: 1.9865, loss_reg: 0.7360, loss: 2.7225
2019-04-12 18:44:41,131 - INFO - Epoch [21][600/10345]	lr: 0.00002, eta: -1 day, 23:49:54, time: 1.000, data_time: 0.014, loss_cls: 1.9515, loss_reg: 0.7217, loss: 2.6732
2019-04-12 18:45:31,119 - INFO - Epoch [21][650/10345]	lr: 0.00002, eta: -1 day, 23:49:04, time: 1.000, data_time: 0.014, loss_cls: 2.0419, loss_reg: 0.7569, loss: 2.7987
2019-04-12 18:46:21,124 - INFO - Epoch [21][700/10345]	lr: 0.00002, eta: -1 day, 23:48:14, time: 1.000, data_time: 0.014, loss_cls: 1.9895, loss_reg: 0.7596, loss: 2.7491
2019-04-12 18:47:11,119 - INFO - Epoch [21][750/10345]	lr: 0.00002, eta: -1 day, 23:47:24, time: 1.000, data_time: 0.014, loss_cls: 1.9781, loss_reg: 0.7117, loss: 2.6898
2019-04-12 18:48:01,119 - INFO - Epoch [21][800/10345]	lr: 0.00002, eta: -1 day, 23:46:34, time: 1.000, data_time: 0.015, loss_cls: 2.0400, loss_reg: 0.7642, loss: 2.8041
2019-04-12 18:48:51,127 - INFO - Epoch [21][850/10345]	lr: 0.00002, eta: -1 day, 23:45:44, time: 1.000, data_time: 0.014, loss_cls: 2.0377, loss_reg: 0.7600, loss: 2.7978
2019-04-12 18:49:41,127 - INFO - Epoch [21][900/10345]	lr: 0.00002, eta: -1 day, 23:44:54, time: 1.000, data_time: 0.013, loss_cls: 2.0009, loss_reg: 0.7686, loss: 2.7695
2019-04-12 18:50:31,117 - INFO - Epoch [21][950/10345]	lr: 0.00002, eta: -1 day, 23:44:04, time: 1.000, data_time: 0.014, loss_cls: 1.9697, loss_reg: 0.7277, loss: 2.6974
2019-04-12 18:51:21,135 - INFO - Epoch [21][1000/10345]	lr: 0.00002, eta: -1 day, 23:43:14, time: 1.000, data_time: 0.014, loss_cls: 1.9535, loss_reg: 0.7316, loss: 2.6852
2019-04-12 18:52:11,117 - INFO - Epoch [21][1050/10345]	lr: 0.00002, eta: -1 day, 23:42:24, time: 1.000, data_time: 0.014, loss_cls: 2.0123, loss_reg: 0.7630, loss: 2.7753
2019-04-12 18:53:01,116 - INFO - Epoch [21][1100/10345]	lr: 0.00002, eta: -1 day, 23:41:34, time: 1.000, data_time: 0.014, loss_cls: 2.0054, loss_reg: 0.7818, loss: 2.7872
2019-04-12 18:53:51,135 - INFO - Epoch [21][1150/10345]	lr: 0.00002, eta: -1 day, 23:40:44, time: 1.000, data_time: 0.014, loss_cls: 1.9421, loss_reg: 0.7242, loss: 2.6663
2019-04-12 18:54:41,124 - INFO - Epoch [21][1200/10345]	lr: 0.00002, eta: -1 day, 23:39:54, time: 1.000, data_time: 0.014, loss_cls: 2.0045, loss_reg: 0.7421, loss: 2.7465
2019-04-12 18:55:31,127 - INFO - Epoch [21][1250/10345]	lr: 0.00002, eta: -1 day, 23:39:04, time: 1.000, data_time: 0.015, loss_cls: 1.9740, loss_reg: 0.7259, loss: 2.6999
2019-04-12 18:56:21,129 - INFO - Epoch [21][1300/10345]	lr: 0.00002, eta: -1 day, 23:38:14, time: 1.000, data_time: 0.015, loss_cls: 1.9888, loss_reg: 0.7280, loss: 2.7168
2019-04-12 18:57:11,127 - INFO - Epoch [21][1350/10345]	lr: 0.00002, eta: -1 day, 23:37:24, time: 1.000, data_time: 0.014, loss_cls: 1.9304, loss_reg: 0.7010, loss: 2.6314
2019-04-12 18:58:01,096 - INFO - Epoch [21][1400/10345]	lr: 0.00002, eta: -1 day, 23:36:34, time: 0.999, data_time: 0.014, loss_cls: 1.9551, loss_reg: 0.7465, loss: 2.7016
2019-04-12 18:58:51,123 - INFO - Epoch [21][1450/10345]	lr: 0.00002, eta: -1 day, 23:35:44, time: 1.001, data_time: 0.014, loss_cls: 2.0070, loss_reg: 0.7344, loss: 2.7415
2019-04-12 18:59:41,152 - INFO - Epoch [21][1500/10345]	lr: 0.00002, eta: -1 day, 23:34:54, time: 1.001, data_time: 0.014, loss_cls: 1.9887, loss_reg: 0.7317, loss: 2.7204
2019-04-12 19:00:31,106 - INFO - Epoch [21][1550/10345]	lr: 0.00002, eta: -1 day, 23:34:04, time: 0.999, data_time: 0.013, loss_cls: 1.9878, loss_reg: 0.7427, loss: 2.7306
2019-04-12 19:01:21,136 - INFO - Epoch [21][1600/10345]	lr: 0.00002, eta: -1 day, 23:33:14, time: 1.001, data_time: 0.014, loss_cls: 2.0009, loss_reg: 0.7613, loss: 2.7622
2019-04-12 19:02:11,125 - INFO - Epoch [21][1650/10345]	lr: 0.00002, eta: -1 day, 23:32:24, time: 1.000, data_time: 0.014, loss_cls: 1.9826, loss_reg: 0.7607, loss: 2.7432
2019-04-12 19:03:01,097 - INFO - Epoch [21][1700/10345]	lr: 0.00002, eta: -1 day, 23:31:34, time: 0.999, data_time: 0.014, loss_cls: 1.9965, loss_reg: 0.7419, loss: 2.7384
2019-04-12 19:03:51,120 - INFO - Epoch [21][1750/10345]	lr: 0.00002, eta: -1 day, 23:30:44, time: 1.000, data_time: 0.014, loss_cls: 1.9976, loss_reg: 0.7531, loss: 2.7506
2019-04-12 19:04:41,130 - INFO - Epoch [21][1800/10345]	lr: 0.00002, eta: -1 day, 23:29:54, time: 1.000, data_time: 0.014, loss_cls: 1.9089, loss_reg: 0.7061, loss: 2.6149
2019-04-12 19:05:31,115 - INFO - Epoch [21][1850/10345]	lr: 0.00002, eta: -1 day, 23:29:04, time: 1.000, data_time: 0.015, loss_cls: 1.9704, loss_reg: 0.7327, loss: 2.7031
2019-04-12 19:06:21,118 - INFO - Epoch [21][1900/10345]	lr: 0.00002, eta: -1 day, 23:28:14, time: 1.000, data_time: 0.015, loss_cls: 2.0026, loss_reg: 0.7464, loss: 2.7490
2019-04-12 19:07:11,122 - INFO - Epoch [21][1950/10345]	lr: 0.00002, eta: -1 day, 23:27:24, time: 1.000, data_time: 0.014, loss_cls: 1.8901, loss_reg: 0.7001, loss: 2.5901
2019-04-12 19:08:01,103 - INFO - Epoch [21][2000/10345]	lr: 0.00002, eta: -1 day, 23:26:34, time: 1.000, data_time: 0.014, loss_cls: 2.0382, loss_reg: 0.7596, loss: 2.7978
2019-04-12 19:08:51,121 - INFO - Epoch [21][2050/10345]	lr: 0.00002, eta: -1 day, 23:25:44, time: 1.000, data_time: 0.015, loss_cls: 1.9629, loss_reg: 0.7066, loss: 2.6695
2019-04-12 19:09:41,127 - INFO - Epoch [21][2100/10345]	lr: 0.00002, eta: -1 day, 23:24:54, time: 1.000, data_time: 0.014, loss_cls: 2.0290, loss_reg: 0.7983, loss: 2.8273
2019-04-12 19:10:31,126 - INFO - Epoch [21][2150/10345]	lr: 0.00002, eta: -1 day, 23:24:04, time: 1.000, data_time: 0.014, loss_cls: 2.0021, loss_reg: 0.7422, loss: 2.7444
2019-04-12 19:11:21,122 - INFO - Epoch [21][2200/10345]	lr: 0.00002, eta: -1 day, 23:23:14, time: 1.000, data_time: 0.014, loss_cls: 1.9979, loss_reg: 0.7060, loss: 2.7039
2019-04-12 19:12:11,135 - INFO - Epoch [21][2250/10345]	lr: 0.00002, eta: -1 day, 23:22:24, time: 1.000, data_time: 0.013, loss_cls: 1.9888, loss_reg: 0.7553, loss: 2.7441
2019-04-12 19:13:01,116 - INFO - Epoch [21][2300/10345]	lr: 0.00002, eta: -1 day, 23:21:34, time: 1.000, data_time: 0.014, loss_cls: 1.9558, loss_reg: 0.7355, loss: 2.6913
2019-04-12 19:13:51,133 - INFO - Epoch [21][2350/10345]	lr: 0.00002, eta: -1 day, 23:20:44, time: 1.000, data_time: 0.014, loss_cls: 2.0449, loss_reg: 0.7908, loss: 2.8358
2019-04-12 19:14:41,122 - INFO - Epoch [21][2400/10345]	lr: 0.00002, eta: -1 day, 23:19:54, time: 1.000, data_time: 0.013, loss_cls: 1.9861, loss_reg: 0.7647, loss: 2.7508
2019-04-12 19:15:31,134 - INFO - Epoch [21][2450/10345]	lr: 0.00002, eta: -1 day, 23:19:04, time: 1.000, data_time: 0.013, loss_cls: 1.9465, loss_reg: 0.7176, loss: 2.6641
2019-04-12 19:16:21,120 - INFO - Epoch [21][2500/10345]	lr: 0.00002, eta: -1 day, 23:18:14, time: 1.000, data_time: 0.013, loss_cls: 1.9874, loss_reg: 0.7497, loss: 2.7371
2019-04-12 19:17:11,116 - INFO - Epoch [21][2550/10345]	lr: 0.00002, eta: -1 day, 23:17:24, time: 1.000, data_time: 0.013, loss_cls: 1.8944, loss_reg: 0.7109, loss: 2.6053
2019-04-12 19:18:01,097 - INFO - Epoch [21][2600/10345]	lr: 0.00002, eta: -1 day, 23:16:34, time: 1.000, data_time: 0.015, loss_cls: 1.9277, loss_reg: 0.7267, loss: 2.6544
2019-04-12 19:18:51,120 - INFO - Epoch [21][2650/10345]	lr: 0.00002, eta: -1 day, 23:15:44, time: 1.000, data_time: 0.014, loss_cls: 2.0131, loss_reg: 0.7408, loss: 2.7540
2019-04-12 19:19:41,117 - INFO - Epoch [21][2700/10345]	lr: 0.00002, eta: -1 day, 23:14:54, time: 1.000, data_time: 0.013, loss_cls: 2.0039, loss_reg: 0.7489, loss: 2.7528
2019-04-12 19:20:31,124 - INFO - Epoch [21][2750/10345]	lr: 0.00002, eta: -1 day, 23:14:04, time: 1.000, data_time: 0.014, loss_cls: 1.9509, loss_reg: 0.7281, loss: 2.6791
2019-04-12 19:21:21,134 - INFO - Epoch [21][2800/10345]	lr: 0.00002, eta: -1 day, 23:13:14, time: 1.000, data_time: 0.014, loss_cls: 1.8709, loss_reg: 0.6770, loss: 2.5479
2019-04-12 19:22:11,131 - INFO - Epoch [21][2850/10345]	lr: 0.00002, eta: -1 day, 23:12:24, time: 1.000, data_time: 0.015, loss_cls: 1.9491, loss_reg: 0.7577, loss: 2.7068
2019-04-12 19:23:01,104 - INFO - Epoch [21][2900/10345]	lr: 0.00002, eta: -1 day, 23:11:34, time: 0.999, data_time: 0.014, loss_cls: 1.9657, loss_reg: 0.7302, loss: 2.6959
2019-04-12 19:23:51,128 - INFO - Epoch [21][2950/10345]	lr: 0.00002, eta: -1 day, 23:10:44, time: 1.000, data_time: 0.015, loss_cls: 1.9835, loss_reg: 0.7381, loss: 2.7216
2019-04-12 19:24:41,122 - INFO - Epoch [21][3000/10345]	lr: 0.00002, eta: -1 day, 23:09:54, time: 1.000, data_time: 0.014, loss_cls: 1.9711, loss_reg: 0.7240, loss: 2.6951
2019-04-12 19:25:31,126 - INFO - Epoch [21][3050/10345]	lr: 0.00002, eta: -1 day, 23:09:04, time: 1.000, data_time: 0.014, loss_cls: 1.9615, loss_reg: 0.7642, loss: 2.7257
2019-04-12 19:26:21,124 - INFO - Epoch [21][3100/10345]	lr: 0.00002, eta: -1 day, 23:08:14, time: 1.000, data_time: 0.014, loss_cls: 1.9693, loss_reg: 0.7416, loss: 2.7108
2019-04-12 19:27:11,132 - INFO - Epoch [21][3150/10345]	lr: 0.00002, eta: -1 day, 23:07:24, time: 1.000, data_time: 0.015, loss_cls: 1.9849, loss_reg: 0.7157, loss: 2.7006
2019-04-12 19:28:01,105 - INFO - Epoch [21][3200/10345]	lr: 0.00002, eta: -1 day, 23:06:34, time: 0.999, data_time: 0.014, loss_cls: 1.9886, loss_reg: 0.7455, loss: 2.7341
2019-04-12 19:28:51,117 - INFO - Epoch [21][3250/10345]	lr: 0.00002, eta: -1 day, 23:05:44, time: 1.000, data_time: 0.014, loss_cls: 1.9729, loss_reg: 0.7411, loss: 2.7139
2019-04-12 19:29:41,132 - INFO - Epoch [21][3300/10345]	lr: 0.00002, eta: -1 day, 23:04:54, time: 1.000, data_time: 0.014, loss_cls: 1.9368, loss_reg: 0.7038, loss: 2.6406
2019-04-12 19:30:31,129 - INFO - Epoch [21][3350/10345]	lr: 0.00002, eta: -1 day, 23:04:04, time: 1.000, data_time: 0.015, loss_cls: 1.9314, loss_reg: 0.6833, loss: 2.6147
2019-04-12 19:31:21,122 - INFO - Epoch [21][3400/10345]	lr: 0.00002, eta: -1 day, 23:03:14, time: 1.000, data_time: 0.014, loss_cls: 1.9549, loss_reg: 0.7226, loss: 2.6774
2019-04-12 19:32:11,115 - INFO - Epoch [21][3450/10345]	lr: 0.00002, eta: -1 day, 23:02:24, time: 1.000, data_time: 0.014, loss_cls: 1.9340, loss_reg: 0.7112, loss: 2.6452
2019-04-12 19:33:01,111 - INFO - Epoch [21][3500/10345]	lr: 0.00002, eta: -1 day, 23:01:34, time: 1.000, data_time: 0.015, loss_cls: 1.9490, loss_reg: 0.7222, loss: 2.6712
2019-04-12 19:33:51,127 - INFO - Epoch [21][3550/10345]	lr: 0.00002, eta: -1 day, 23:00:44, time: 1.000, data_time: 0.014, loss_cls: 2.0004, loss_reg: 0.7513, loss: 2.7517
2019-04-12 19:34:41,119 - INFO - Epoch [21][3600/10345]	lr: 0.00002, eta: -1 day, 22:59:54, time: 1.000, data_time: 0.014, loss_cls: 1.9042, loss_reg: 0.7174, loss: 2.6215
2019-04-12 19:35:31,119 - INFO - Epoch [21][3650/10345]	lr: 0.00002, eta: -1 day, 22:59:04, time: 1.000, data_time: 0.015, loss_cls: 1.9602, loss_reg: 0.7205, loss: 2.6807
2019-04-12 19:36:21,124 - INFO - Epoch [21][3700/10345]	lr: 0.00002, eta: -1 day, 22:58:14, time: 1.000, data_time: 0.014, loss_cls: 1.9795, loss_reg: 0.7292, loss: 2.7087
2019-04-12 19:37:11,112 - INFO - Epoch [21][3750/10345]	lr: 0.00002, eta: -1 day, 22:57:24, time: 1.000, data_time: 0.014, loss_cls: 2.0644, loss_reg: 0.7642, loss: 2.8286
2019-04-12 19:38:01,122 - INFO - Epoch [21][3800/10345]	lr: 0.00002, eta: -1 day, 22:56:34, time: 1.000, data_time: 0.014, loss_cls: 1.9956, loss_reg: 0.7514, loss: 2.7470
2019-04-12 19:38:51,129 - INFO - Epoch [21][3850/10345]	lr: 0.00002, eta: -1 day, 22:55:44, time: 1.000, data_time: 0.015, loss_cls: 1.9125, loss_reg: 0.7317, loss: 2.6441
2019-04-12 19:39:41,125 - INFO - Epoch [21][3900/10345]	lr: 0.00002, eta: -1 day, 22:54:54, time: 1.000, data_time: 0.014, loss_cls: 1.9332, loss_reg: 0.7055, loss: 2.6387
2019-04-12 19:40:31,129 - INFO - Epoch [21][3950/10345]	lr: 0.00002, eta: -1 day, 22:54:04, time: 1.000, data_time: 0.015, loss_cls: 1.9788, loss_reg: 0.7061, loss: 2.6849
2019-04-12 19:41:21,113 - INFO - Epoch [21][4000/10345]	lr: 0.00002, eta: -1 day, 22:53:14, time: 1.000, data_time: 0.014, loss_cls: 1.9553, loss_reg: 0.7554, loss: 2.7107
2019-04-12 19:42:11,131 - INFO - Epoch [21][4050/10345]	lr: 0.00002, eta: -1 day, 22:52:24, time: 1.000, data_time: 0.014, loss_cls: 1.9373, loss_reg: 0.7105, loss: 2.6479
2019-04-12 19:43:01,106 - INFO - Epoch [21][4100/10345]	lr: 0.00002, eta: -1 day, 22:51:34, time: 1.000, data_time: 0.014, loss_cls: 2.0007, loss_reg: 0.7580, loss: 2.7588
2019-04-12 19:43:51,128 - INFO - Epoch [21][4150/10345]	lr: 0.00002, eta: -1 day, 22:50:44, time: 1.000, data_time: 0.014, loss_cls: 1.9297, loss_reg: 0.7163, loss: 2.6459
2019-04-12 19:44:41,122 - INFO - Epoch [21][4200/10345]	lr: 0.00002, eta: -1 day, 22:49:54, time: 1.000, data_time: 0.015, loss_cls: 2.0872, loss_reg: 0.7746, loss: 2.8617
2019-04-12 19:45:31,121 - INFO - Epoch [21][4250/10345]	lr: 0.00002, eta: -1 day, 22:49:04, time: 1.000, data_time: 0.014, loss_cls: 2.0053, loss_reg: 0.7426, loss: 2.7480
2019-04-12 19:46:21,119 - INFO - Epoch [21][4300/10345]	lr: 0.00002, eta: -1 day, 22:48:14, time: 1.000, data_time: 0.014, loss_cls: 1.9808, loss_reg: 0.6950, loss: 2.6758
2019-04-12 19:47:11,133 - INFO - Epoch [21][4350/10345]	lr: 0.00002, eta: -1 day, 22:47:24, time: 1.000, data_time: 0.015, loss_cls: 1.9926, loss_reg: 0.7215, loss: 2.7141
2019-04-12 19:48:01,092 - INFO - Epoch [21][4400/10345]	lr: 0.00002, eta: -1 day, 22:46:34, time: 0.999, data_time: 0.014, loss_cls: 1.9210, loss_reg: 0.7203, loss: 2.6413
2019-04-12 19:48:51,119 - INFO - Epoch [21][4450/10345]	lr: 0.00002, eta: -1 day, 22:45:44, time: 1.001, data_time: 0.015, loss_cls: 1.9856, loss_reg: 0.7359, loss: 2.7216
2019-04-12 19:49:41,105 - INFO - Epoch [21][4500/10345]	lr: 0.00002, eta: -1 day, 22:44:54, time: 1.000, data_time: 0.014, loss_cls: 1.9609, loss_reg: 0.7176, loss: 2.6785
2019-04-12 19:50:31,134 - INFO - Epoch [21][4550/10345]	lr: 0.00002, eta: -1 day, 22:44:04, time: 1.001, data_time: 0.015, loss_cls: 1.9966, loss_reg: 0.7325, loss: 2.7291
2019-04-12 19:51:21,122 - INFO - Epoch [21][4600/10345]	lr: 0.00002, eta: -1 day, 22:43:14, time: 1.000, data_time: 0.013, loss_cls: 2.0070, loss_reg: 0.7487, loss: 2.7557
2019-04-12 19:52:11,122 - INFO - Epoch [21][4650/10345]	lr: 0.00002, eta: -1 day, 22:42:24, time: 1.000, data_time: 0.013, loss_cls: 2.0080, loss_reg: 0.7791, loss: 2.7871
2019-04-12 19:53:01,099 - INFO - Epoch [21][4700/10345]	lr: 0.00002, eta: -1 day, 22:41:34, time: 1.000, data_time: 0.014, loss_cls: 1.9773, loss_reg: 0.7131, loss: 2.6904
2019-04-12 19:53:51,120 - INFO - Epoch [21][4750/10345]	lr: 0.00002, eta: -1 day, 22:40:44, time: 1.000, data_time: 0.015, loss_cls: 2.0098, loss_reg: 0.7633, loss: 2.7731
2019-04-12 19:54:41,123 - INFO - Epoch [21][4800/10345]	lr: 0.00002, eta: -1 day, 22:39:54, time: 1.000, data_time: 0.014, loss_cls: 2.0067, loss_reg: 0.7567, loss: 2.7634
2019-04-12 19:55:31,113 - INFO - Epoch [21][4850/10345]	lr: 0.00002, eta: -1 day, 22:39:04, time: 1.000, data_time: 0.014, loss_cls: 1.9541, loss_reg: 0.7486, loss: 2.7027
2019-04-12 19:56:21,122 - INFO - Epoch [21][4900/10345]	lr: 0.00002, eta: -1 day, 22:38:14, time: 1.000, data_time: 0.014, loss_cls: 1.9422, loss_reg: 0.6938, loss: 2.6360
2019-04-12 19:57:11,124 - INFO - Epoch [21][4950/10345]	lr: 0.00002, eta: -1 day, 22:37:24, time: 1.000, data_time: 0.015, loss_cls: 1.9847, loss_reg: 0.7412, loss: 2.7259
2019-04-12 19:58:01,102 - INFO - Epoch [21][5000/10345]	lr: 0.00002, eta: -1 day, 22:36:34, time: 1.000, data_time: 0.015, loss_cls: 1.9805, loss_reg: 0.7264, loss: 2.7069
2019-04-12 19:58:51,115 - INFO - Epoch [21][5050/10345]	lr: 0.00002, eta: -1 day, 22:35:44, time: 1.000, data_time: 0.015, loss_cls: 2.0111, loss_reg: 0.7471, loss: 2.7583
2019-04-12 19:59:41,143 - INFO - Epoch [21][5100/10345]	lr: 0.00002, eta: -1 day, 22:34:54, time: 1.001, data_time: 0.014, loss_cls: 1.9674, loss_reg: 0.7366, loss: 2.7040
2019-04-12 20:00:31,141 - INFO - Epoch [21][5150/10345]	lr: 0.00002, eta: -1 day, 22:34:04, time: 1.000, data_time: 0.015, loss_cls: 1.9163, loss_reg: 0.7295, loss: 2.6457
2019-04-12 20:01:21,116 - INFO - Epoch [21][5200/10345]	lr: 0.00002, eta: -1 day, 22:33:14, time: 1.000, data_time: 0.015, loss_cls: 1.9524, loss_reg: 0.7164, loss: 2.6688
2019-04-12 20:02:11,128 - INFO - Epoch [21][5250/10345]	lr: 0.00002, eta: -1 day, 22:32:24, time: 1.000, data_time: 0.014, loss_cls: 1.9718, loss_reg: 0.7058, loss: 2.6776
2019-04-12 20:03:01,115 - INFO - Epoch [21][5300/10345]	lr: 0.00002, eta: -1 day, 22:31:34, time: 1.000, data_time: 0.015, loss_cls: 1.9524, loss_reg: 0.7214, loss: 2.6738
2019-04-12 20:03:51,122 - INFO - Epoch [21][5350/10345]	lr: 0.00002, eta: -1 day, 22:30:44, time: 1.000, data_time: 0.015, loss_cls: 2.0021, loss_reg: 0.7488, loss: 2.7509
2019-04-12 20:04:41,123 - INFO - Epoch [21][5400/10345]	lr: 0.00002, eta: -1 day, 22:29:54, time: 1.000, data_time: 0.014, loss_cls: 1.8695, loss_reg: 0.6933, loss: 2.5628
2019-04-12 20:05:31,117 - INFO - Epoch [21][5450/10345]	lr: 0.00002, eta: -1 day, 22:29:04, time: 1.000, data_time: 0.015, loss_cls: 1.9786, loss_reg: 0.7216, loss: 2.7002
2019-04-12 20:06:21,130 - INFO - Epoch [21][5500/10345]	lr: 0.00002, eta: -1 day, 22:28:14, time: 1.000, data_time: 0.014, loss_cls: 2.0088, loss_reg: 0.7322, loss: 2.7411
2019-04-12 20:07:11,140 - INFO - Epoch [21][5550/10345]	lr: 0.00002, eta: -1 day, 22:27:24, time: 1.000, data_time: 0.013, loss_cls: 1.9579, loss_reg: 0.7091, loss: 2.6670
2019-04-12 20:08:01,095 - INFO - Epoch [21][5600/10345]	lr: 0.00002, eta: -1 day, 22:26:34, time: 0.999, data_time: 0.014, loss_cls: 1.9564, loss_reg: 0.7667, loss: 2.7231
2019-04-12 20:08:51,124 - INFO - Epoch [21][5650/10345]	lr: 0.00002, eta: -1 day, 22:25:44, time: 1.001, data_time: 0.015, loss_cls: 1.8890, loss_reg: 0.6858, loss: 2.5748
2019-04-12 20:09:41,129 - INFO - Epoch [21][5700/10345]	lr: 0.00002, eta: -1 day, 22:24:54, time: 1.000, data_time: 0.014, loss_cls: 1.9362, loss_reg: 0.7265, loss: 2.6627
2019-04-12 20:10:31,126 - INFO - Epoch [21][5750/10345]	lr: 0.00002, eta: -1 day, 22:24:04, time: 1.000, data_time: 0.014, loss_cls: 1.9908, loss_reg: 0.7451, loss: 2.7358
2019-04-12 20:11:21,107 - INFO - Epoch [21][5800/10345]	lr: 0.00002, eta: -1 day, 22:23:14, time: 1.000, data_time: 0.014, loss_cls: 1.9952, loss_reg: 0.7384, loss: 2.7336
2019-04-12 20:12:11,124 - INFO - Epoch [21][5850/10345]	lr: 0.00002, eta: -1 day, 22:22:24, time: 1.000, data_time: 0.015, loss_cls: 1.9513, loss_reg: 0.7077, loss: 2.6591
2019-04-12 20:13:01,109 - INFO - Epoch [21][5900/10345]	lr: 0.00002, eta: -1 day, 22:21:34, time: 1.000, data_time: 0.015, loss_cls: 1.9893, loss_reg: 0.7211, loss: 2.7104
2019-04-12 20:13:51,125 - INFO - Epoch [21][5950/10345]	lr: 0.00002, eta: -1 day, 22:20:44, time: 1.000, data_time: 0.014, loss_cls: 1.9752, loss_reg: 0.7220, loss: 2.6972
2019-04-12 20:14:41,124 - INFO - Epoch [21][6000/10345]	lr: 0.00002, eta: -1 day, 22:19:54, time: 1.000, data_time: 0.014, loss_cls: 1.8889, loss_reg: 0.6953, loss: 2.5841
2019-04-12 20:15:31,114 - INFO - Epoch [21][6050/10345]	lr: 0.00002, eta: -1 day, 22:19:04, time: 1.000, data_time: 0.015, loss_cls: 1.9571, loss_reg: 0.7414, loss: 2.6985
2019-04-12 20:16:21,126 - INFO - Epoch [21][6100/10345]	lr: 0.00002, eta: -1 day, 22:18:14, time: 1.000, data_time: 0.015, loss_cls: 1.9560, loss_reg: 0.7625, loss: 2.7185
2019-04-12 20:17:11,111 - INFO - Epoch [21][6150/10345]	lr: 0.00002, eta: -1 day, 22:17:24, time: 1.000, data_time: 0.014, loss_cls: 1.9567, loss_reg: 0.7391, loss: 2.6958
2019-04-12 20:18:01,103 - INFO - Epoch [21][6200/10345]	lr: 0.00002, eta: -1 day, 22:16:34, time: 1.000, data_time: 0.014, loss_cls: 1.9983, loss_reg: 0.7630, loss: 2.7613
2019-04-12 20:18:51,125 - INFO - Epoch [21][6250/10345]	lr: 0.00002, eta: -1 day, 22:15:44, time: 1.000, data_time: 0.015, loss_cls: 2.0000, loss_reg: 0.7326, loss: 2.7326
2019-04-12 20:19:41,119 - INFO - Epoch [21][6300/10345]	lr: 0.00002, eta: -1 day, 22:14:54, time: 1.000, data_time: 0.014, loss_cls: 1.9933, loss_reg: 0.7267, loss: 2.7200
2019-04-12 20:20:31,132 - INFO - Epoch [21][6350/10345]	lr: 0.00002, eta: -1 day, 22:14:04, time: 1.000, data_time: 0.014, loss_cls: 1.9078, loss_reg: 0.6958, loss: 2.6036
2019-04-12 20:21:21,122 - INFO - Epoch [21][6400/10345]	lr: 0.00002, eta: -1 day, 22:13:14, time: 1.000, data_time: 0.014, loss_cls: 1.9596, loss_reg: 0.7143, loss: 2.6740
2019-04-12 20:22:11,137 - INFO - Epoch [21][6450/10345]	lr: 0.00002, eta: -1 day, 22:12:24, time: 1.000, data_time: 0.014, loss_cls: 1.9987, loss_reg: 0.7723, loss: 2.7710
2019-04-12 20:23:01,100 - INFO - Epoch [21][6500/10345]	lr: 0.00002, eta: -1 day, 22:11:34, time: 0.999, data_time: 0.015, loss_cls: 2.0318, loss_reg: 0.7600, loss: 2.7918
2019-04-12 20:23:51,120 - INFO - Epoch [21][6550/10345]	lr: 0.00002, eta: -1 day, 22:10:44, time: 1.000, data_time: 0.015, loss_cls: 1.9410, loss_reg: 0.7027, loss: 2.6437
2019-04-12 20:24:41,117 - INFO - Epoch [21][6600/10345]	lr: 0.00002, eta: -1 day, 22:09:54, time: 1.000, data_time: 0.015, loss_cls: 1.9905, loss_reg: 0.7416, loss: 2.7321
2019-04-12 20:25:31,127 - INFO - Epoch [21][6650/10345]	lr: 0.00002, eta: -1 day, 22:09:04, time: 1.000, data_time: 0.014, loss_cls: 2.0004, loss_reg: 0.7270, loss: 2.7274
2019-04-12 20:26:21,135 - INFO - Epoch [21][6700/10345]	lr: 0.00002, eta: -1 day, 22:08:14, time: 1.000, data_time: 0.014, loss_cls: 1.9943, loss_reg: 0.7316, loss: 2.7259
2019-04-12 20:27:11,129 - INFO - Epoch [21][6750/10345]	lr: 0.00002, eta: -1 day, 22:07:24, time: 1.000, data_time: 0.015, loss_cls: 1.9538, loss_reg: 0.7249, loss: 2.6787
2019-04-12 20:28:01,095 - INFO - Epoch [21][6800/10345]	lr: 0.00002, eta: -1 day, 22:06:34, time: 0.999, data_time: 0.014, loss_cls: 1.9978, loss_reg: 0.7217, loss: 2.7195
2019-04-12 20:28:51,132 - INFO - Epoch [21][6850/10345]	lr: 0.00002, eta: -1 day, 22:05:44, time: 1.001, data_time: 0.014, loss_cls: 1.9843, loss_reg: 0.7366, loss: 2.7209
2019-04-12 20:29:41,127 - INFO - Epoch [21][6900/10345]	lr: 0.00002, eta: -1 day, 22:04:54, time: 1.000, data_time: 0.015, loss_cls: 1.9316, loss_reg: 0.7008, loss: 2.6325
2019-04-12 20:30:31,150 - INFO - Epoch [21][6950/10345]	lr: 0.00002, eta: -1 day, 22:04:04, time: 1.000, data_time: 0.015, loss_cls: 1.9056, loss_reg: 0.7335, loss: 2.6392
2019-04-12 20:31:21,121 - INFO - Epoch [21][7000/10345]	lr: 0.00002, eta: -1 day, 22:03:14, time: 0.999, data_time: 0.014, loss_cls: 1.9757, loss_reg: 0.7305, loss: 2.7062
2019-04-12 20:32:11,119 - INFO - Epoch [21][7050/10345]	lr: 0.00002, eta: -1 day, 22:02:24, time: 1.000, data_time: 0.015, loss_cls: 1.9689, loss_reg: 0.7360, loss: 2.7049
2019-04-12 20:33:01,108 - INFO - Epoch [21][7100/10345]	lr: 0.00002, eta: -1 day, 22:01:34, time: 1.000, data_time: 0.015, loss_cls: 1.9575, loss_reg: 0.7106, loss: 2.6681
2019-04-12 20:33:51,116 - INFO - Epoch [21][7150/10345]	lr: 0.00002, eta: -1 day, 22:00:44, time: 1.000, data_time: 0.015, loss_cls: 1.9562, loss_reg: 0.7029, loss: 2.6591
2019-04-12 20:34:41,128 - INFO - Epoch [21][7200/10345]	lr: 0.00002, eta: -1 day, 21:59:54, time: 1.000, data_time: 0.014, loss_cls: 1.9174, loss_reg: 0.7057, loss: 2.6231
2019-04-12 20:35:31,130 - INFO - Epoch [21][7250/10345]	lr: 0.00002, eta: -1 day, 21:59:04, time: 1.000, data_time: 0.015, loss_cls: 1.9480, loss_reg: 0.7126, loss: 2.6606
2019-04-12 20:36:21,115 - INFO - Epoch [21][7300/10345]	lr: 0.00002, eta: -1 day, 21:58:14, time: 1.000, data_time: 0.015, loss_cls: 1.9906, loss_reg: 0.7462, loss: 2.7368
2019-04-12 20:37:11,119 - INFO - Epoch [21][7350/10345]	lr: 0.00002, eta: -1 day, 21:57:24, time: 1.000, data_time: 0.015, loss_cls: 2.0248, loss_reg: 0.7222, loss: 2.7470
2019-04-12 20:38:01,110 - INFO - Epoch [21][7400/10345]	lr: 0.00002, eta: -1 day, 21:56:34, time: 1.000, data_time: 0.015, loss_cls: 1.9162, loss_reg: 0.7231, loss: 2.6393
2019-04-12 20:38:51,135 - INFO - Epoch [21][7450/10345]	lr: 0.00002, eta: -1 day, 21:55:44, time: 1.000, data_time: 0.015, loss_cls: 1.9178, loss_reg: 0.7164, loss: 2.6342
2019-04-12 20:39:41,113 - INFO - Epoch [21][7500/10345]	lr: 0.00002, eta: -1 day, 21:54:54, time: 1.000, data_time: 0.014, loss_cls: 1.9741, loss_reg: 0.7246, loss: 2.6987
2019-04-12 20:40:31,136 - INFO - Epoch [21][7550/10345]	lr: 0.00002, eta: -1 day, 21:54:04, time: 1.000, data_time: 0.015, loss_cls: 1.9399, loss_reg: 0.7297, loss: 2.6696
2019-04-12 20:41:21,130 - INFO - Epoch [21][7600/10345]	lr: 0.00002, eta: -1 day, 21:53:14, time: 1.000, data_time: 0.015, loss_cls: 1.9538, loss_reg: 0.7169, loss: 2.6707
2019-04-12 20:42:11,121 - INFO - Epoch [21][7650/10345]	lr: 0.00002, eta: -1 day, 21:52:24, time: 1.000, data_time: 0.015, loss_cls: 1.9564, loss_reg: 0.7185, loss: 2.6749
2019-04-12 20:43:01,111 - INFO - Epoch [21][7700/10345]	lr: 0.00002, eta: -1 day, 21:51:34, time: 1.000, data_time: 0.015, loss_cls: 1.9294, loss_reg: 0.7151, loss: 2.6445
2019-04-12 20:43:51,141 - INFO - Epoch [21][7750/10345]	lr: 0.00002, eta: -1 day, 21:50:44, time: 1.001, data_time: 0.016, loss_cls: 1.9647, loss_reg: 0.7233, loss: 2.6880
2019-04-12 20:44:41,121 - INFO - Epoch [21][7800/10345]	lr: 0.00002, eta: -1 day, 21:49:54, time: 1.000, data_time: 0.014, loss_cls: 1.9610, loss_reg: 0.7030, loss: 2.6639
2019-04-12 20:45:31,114 - INFO - Epoch [21][7850/10345]	lr: 0.00002, eta: -1 day, 21:49:04, time: 1.000, data_time: 0.014, loss_cls: 2.0244, loss_reg: 0.7890, loss: 2.8134
2019-04-12 20:46:21,127 - INFO - Epoch [21][7900/10345]	lr: 0.00002, eta: -1 day, 21:48:14, time: 1.000, data_time: 0.014, loss_cls: 1.9099, loss_reg: 0.7038, loss: 2.6137
2019-04-12 20:47:11,128 - INFO - Epoch [21][7950/10345]	lr: 0.00002, eta: -1 day, 21:47:24, time: 1.000, data_time: 0.015, loss_cls: 1.9727, loss_reg: 0.7413, loss: 2.7140
2019-04-12 20:48:01,111 - INFO - Epoch [21][8000/10345]	lr: 0.00002, eta: -1 day, 21:46:34, time: 1.000, data_time: 0.014, loss_cls: 1.9232, loss_reg: 0.7118, loss: 2.6349
2019-04-12 20:48:51,126 - INFO - Epoch [21][8050/10345]	lr: 0.00002, eta: -1 day, 21:45:44, time: 1.000, data_time: 0.015, loss_cls: 1.9574, loss_reg: 0.7141, loss: 2.6715
2019-04-12 20:49:41,137 - INFO - Epoch [21][8100/10345]	lr: 0.00002, eta: -1 day, 21:44:54, time: 1.000, data_time: 0.014, loss_cls: 1.9704, loss_reg: 0.7474, loss: 2.7179
2019-04-12 20:50:31,119 - INFO - Epoch [21][8150/10345]	lr: 0.00002, eta: -1 day, 21:44:04, time: 1.000, data_time: 0.014, loss_cls: 1.9721, loss_reg: 0.7346, loss: 2.7067
2019-04-12 20:51:21,114 - INFO - Epoch [21][8200/10345]	lr: 0.00002, eta: -1 day, 21:43:14, time: 1.000, data_time: 0.013, loss_cls: 1.8859, loss_reg: 0.6726, loss: 2.5585
2019-04-12 20:52:11,119 - INFO - Epoch [21][8250/10345]	lr: 0.00002, eta: -1 day, 21:42:24, time: 1.000, data_time: 0.014, loss_cls: 1.9485, loss_reg: 0.7207, loss: 2.6692
2019-04-12 20:53:01,112 - INFO - Epoch [21][8300/10345]	lr: 0.00002, eta: -1 day, 21:41:34, time: 1.000, data_time: 0.014, loss_cls: 1.9075, loss_reg: 0.6971, loss: 2.6046
2019-04-12 20:53:51,116 - INFO - Epoch [21][8350/10345]	lr: 0.00002, eta: -1 day, 21:40:44, time: 1.000, data_time: 0.015, loss_cls: 2.0040, loss_reg: 0.7390, loss: 2.7430
2019-04-12 20:54:41,117 - INFO - Epoch [21][8400/10345]	lr: 0.00002, eta: -1 day, 21:39:54, time: 1.000, data_time: 0.014, loss_cls: 1.9450, loss_reg: 0.7335, loss: 2.6786
2019-04-12 20:55:31,126 - INFO - Epoch [21][8450/10345]	lr: 0.00002, eta: -1 day, 21:39:04, time: 1.000, data_time: 0.014, loss_cls: 1.9903, loss_reg: 0.7526, loss: 2.7429
2019-04-12 20:56:21,136 - INFO - Epoch [21][8500/10345]	lr: 0.00002, eta: -1 day, 21:38:14, time: 1.000, data_time: 0.014, loss_cls: 1.9646, loss_reg: 0.6980, loss: 2.6626
2019-04-12 20:57:11,125 - INFO - Epoch [21][8550/10345]	lr: 0.00002, eta: -1 day, 21:37:24, time: 1.000, data_time: 0.014, loss_cls: 1.9386, loss_reg: 0.6887, loss: 2.6273
2019-04-12 20:58:01,085 - INFO - Epoch [21][8600/10345]	lr: 0.00002, eta: -1 day, 21:36:34, time: 0.999, data_time: 0.015, loss_cls: 2.0174, loss_reg: 0.7318, loss: 2.7492
2019-04-12 20:58:51,132 - INFO - Epoch [21][8650/10345]	lr: 0.00002, eta: -1 day, 21:35:44, time: 1.001, data_time: 0.014, loss_cls: 1.9512, loss_reg: 0.7166, loss: 2.6679
2019-04-12 20:59:41,128 - INFO - Epoch [21][8700/10345]	lr: 0.00002, eta: -1 day, 21:34:54, time: 1.000, data_time: 0.014, loss_cls: 1.9456, loss_reg: 0.6844, loss: 2.6300
2019-04-12 21:00:31,118 - INFO - Epoch [21][8750/10345]	lr: 0.00002, eta: -1 day, 21:34:04, time: 1.000, data_time: 0.015, loss_cls: 1.9735, loss_reg: 0.7475, loss: 2.7210
2019-04-12 21:01:21,124 - INFO - Epoch [21][8800/10345]	lr: 0.00002, eta: -1 day, 21:33:14, time: 1.000, data_time: 0.014, loss_cls: 2.0392, loss_reg: 0.7104, loss: 2.7496
2019-04-12 21:02:11,118 - INFO - Epoch [21][8850/10345]	lr: 0.00002, eta: -1 day, 21:32:24, time: 1.000, data_time: 0.014, loss_cls: 1.9480, loss_reg: 0.7199, loss: 2.6679
2019-04-12 21:03:01,095 - INFO - Epoch [21][8900/10345]	lr: 0.00002, eta: -1 day, 21:31:34, time: 1.000, data_time: 0.014, loss_cls: 2.0691, loss_reg: 0.7943, loss: 2.8634
2019-04-12 21:03:51,113 - INFO - Epoch [21][8950/10345]	lr: 0.00002, eta: -1 day, 21:30:44, time: 1.000, data_time: 0.014, loss_cls: 1.8766, loss_reg: 0.6872, loss: 2.5638
2019-04-12 21:04:41,126 - INFO - Epoch [21][9000/10345]	lr: 0.00002, eta: -1 day, 21:29:54, time: 1.000, data_time: 0.015, loss_cls: 2.0158, loss_reg: 0.7234, loss: 2.7392
2019-04-12 21:05:31,131 - INFO - Epoch [21][9050/10345]	lr: 0.00002, eta: -1 day, 21:29:04, time: 1.000, data_time: 0.014, loss_cls: 1.9551, loss_reg: 0.7125, loss: 2.6676
2019-04-12 21:06:21,130 - INFO - Epoch [21][9100/10345]	lr: 0.00002, eta: -1 day, 21:28:14, time: 1.000, data_time: 0.014, loss_cls: 1.9613, loss_reg: 0.7319, loss: 2.6931
2019-04-12 21:07:11,130 - INFO - Epoch [21][9150/10345]	lr: 0.00002, eta: -1 day, 21:27:24, time: 1.000, data_time: 0.015, loss_cls: 1.9450, loss_reg: 0.7123, loss: 2.6573
2019-04-12 21:08:01,121 - INFO - Epoch [21][9200/10345]	lr: 0.00002, eta: -1 day, 21:26:34, time: 1.000, data_time: 0.014, loss_cls: 1.9224, loss_reg: 0.6928, loss: 2.6152
2019-04-12 21:08:51,126 - INFO - Epoch [21][9250/10345]	lr: 0.00002, eta: -1 day, 21:25:44, time: 1.000, data_time: 0.015, loss_cls: 1.9040, loss_reg: 0.6713, loss: 2.5753
2019-04-12 21:09:41,133 - INFO - Epoch [21][9300/10345]	lr: 0.00002, eta: -1 day, 21:24:54, time: 1.000, data_time: 0.015, loss_cls: 1.9509, loss_reg: 0.7294, loss: 2.6803
2019-04-12 21:10:31,129 - INFO - Epoch [21][9350/10345]	lr: 0.00002, eta: -1 day, 21:24:04, time: 1.000, data_time: 0.015, loss_cls: 1.9445, loss_reg: 0.7363, loss: 2.6807
2019-04-12 21:11:21,120 - INFO - Epoch [21][9400/10345]	lr: 0.00002, eta: -1 day, 21:23:14, time: 1.000, data_time: 0.015, loss_cls: 1.9455, loss_reg: 0.7150, loss: 2.6605
2019-04-12 21:12:11,121 - INFO - Epoch [21][9450/10345]	lr: 0.00002, eta: -1 day, 21:22:24, time: 1.000, data_time: 0.014, loss_cls: 1.8921, loss_reg: 0.6936, loss: 2.5858
2019-04-12 21:13:01,102 - INFO - Epoch [21][9500/10345]	lr: 0.00002, eta: -1 day, 21:21:34, time: 1.000, data_time: 0.015, loss_cls: 1.9584, loss_reg: 0.7040, loss: 2.6624
2019-04-12 21:13:51,128 - INFO - Epoch [21][9550/10345]	lr: 0.00002, eta: -1 day, 21:20:44, time: 1.001, data_time: 0.015, loss_cls: 1.9724, loss_reg: 0.7121, loss: 2.6846
2019-04-12 21:14:41,132 - INFO - Epoch [21][9600/10345]	lr: 0.00002, eta: -1 day, 21:19:54, time: 1.000, data_time: 0.015, loss_cls: 1.9326, loss_reg: 0.7017, loss: 2.6343
2019-04-12 21:15:31,121 - INFO - Epoch [21][9650/10345]	lr: 0.00002, eta: -1 day, 21:19:04, time: 1.000, data_time: 0.015, loss_cls: 1.9719, loss_reg: 0.7214, loss: 2.6933
2019-04-12 21:16:21,126 - INFO - Epoch [21][9700/10345]	lr: 0.00002, eta: -1 day, 21:18:14, time: 1.000, data_time: 0.015, loss_cls: 1.9896, loss_reg: 0.7558, loss: 2.7454
2019-04-12 21:17:11,127 - INFO - Epoch [21][9750/10345]	lr: 0.00002, eta: -1 day, 21:17:24, time: 1.000, data_time: 0.015, loss_cls: 1.9912, loss_reg: 0.7538, loss: 2.7449
2019-04-12 21:18:01,101 - INFO - Epoch [21][9800/10345]	lr: 0.00002, eta: -1 day, 21:16:34, time: 0.999, data_time: 0.015, loss_cls: 1.8785, loss_reg: 0.6978, loss: 2.5763
2019-04-12 21:18:51,113 - INFO - Epoch [21][9850/10345]	lr: 0.00002, eta: -1 day, 21:15:44, time: 1.000, data_time: 0.014, loss_cls: 1.9021, loss_reg: 0.7320, loss: 2.6340
2019-04-12 21:19:41,116 - INFO - Epoch [21][9900/10345]	lr: 0.00002, eta: -1 day, 21:14:54, time: 1.000, data_time: 0.014, loss_cls: 1.8768, loss_reg: 0.6573, loss: 2.5341
2019-04-12 21:20:31,143 - INFO - Epoch [21][9950/10345]	lr: 0.00002, eta: -1 day, 21:14:04, time: 1.001, data_time: 0.015, loss_cls: 1.9581, loss_reg: 0.7235, loss: 2.6816
2019-04-12 21:21:21,117 - INFO - Epoch [21][10000/10345]	lr: 0.00002, eta: -1 day, 21:13:14, time: 0.999, data_time: 0.014, loss_cls: 1.9780, loss_reg: 0.7424, loss: 2.7205
2019-04-12 21:22:11,123 - INFO - Epoch [21][10050/10345]	lr: 0.00002, eta: -1 day, 21:12:24, time: 1.000, data_time: 0.015, loss_cls: 2.0360, loss_reg: 0.7666, loss: 2.8026
2019-04-12 21:23:01,114 - INFO - Epoch [21][10100/10345]	lr: 0.00002, eta: -1 day, 21:11:34, time: 1.000, data_time: 0.014, loss_cls: 1.9687, loss_reg: 0.7252, loss: 2.6938
2019-04-12 21:23:51,129 - INFO - Epoch [21][10150/10345]	lr: 0.00002, eta: -1 day, 21:10:44, time: 1.000, data_time: 0.014, loss_cls: 1.9576, loss_reg: 0.7497, loss: 2.7073
2019-04-12 21:24:41,120 - INFO - Epoch [21][10200/10345]	lr: 0.00002, eta: -1 day, 21:09:54, time: 1.000, data_time: 0.014, loss_cls: 1.9179, loss_reg: 0.6978, loss: 2.6157
2019-04-12 21:25:31,117 - INFO - Epoch [21][10250/10345]	lr: 0.00002, eta: -1 day, 21:09:04, time: 1.000, data_time: 0.015, loss_cls: 1.9132, loss_reg: 0.7076, loss: 2.6208
2019-04-12 21:26:21,126 - INFO - Epoch [21][10300/10345]	lr: 0.00002, eta: -1 day, 21:08:14, time: 1.000, data_time: 0.015, loss_cls: 1.9319, loss_reg: 0.7192, loss: 2.6511